2020-02-24 14:35:28.658 [32m  INFO [mLAPTOP-ILKHOM --- [  restartedMain] t.q.QabulxonaApplication                 : Starting QabulxonaApplication on LAPTOP-ILKHOM with PID 13636 (started by ilhom in C:\MINE\ish\turin\test\from shokir6\admin\qabulxona)
2020-02-24 14:35:28.680 [32m  INFO [mLAPTOP-ILKHOM --- [  restartedMain] t.q.QabulxonaApplication                 : No active profile set, falling back to default profiles: default
2020-02-24 14:35:29.150 [32m  INFO [mLAPTOP-ILKHOM --- [  restartedMain] ationConfigEmbeddedWebApplicationContext : Refreshing org.springframework.boot.context.embedded.AnnotationConfigEmbeddedWebApplicationContext@185fc1a: startup date [Mon Feb 24 14:35:29 UZT 2020]; root of context hierarchy
2020-02-24 14:35:29.196 [32m  INFO [mLAPTOP-ILKHOM --- [kground-preinit] o.h.v.i.u.Version                        : HV000001: Hibernate Validator 5.2.4.Final
2020-02-24 14:35:32.856 [32m  INFO [mLAPTOP-ILKHOM --- [  restartedMain] o.s.b.f.c.PropertiesFactoryBean          : Loading properties file from URL [jar:file:/D:/web/maven/repository/org/springframework/integration/spring-integration-core/4.2.9.RELEASE/spring-integration-core-4.2.9.RELEASE.jar!/META-INF/spring.integration.default.properties]
2020-02-24 14:35:32.859 [32m  INFO [mLAPTOP-ILKHOM --- [  restartedMain] o.s.i.c.IntegrationRegistrar             : No bean named 'integrationHeaderChannelRegistry' has been explicitly defined. Therefore, a default DefaultHeaderChannelRegistry will be created.
2020-02-24 14:35:33.239 [32m  INFO [mLAPTOP-ILKHOM --- [  restartedMain] faultConfiguringBeanFactoryPostProcessor : No bean named 'errorChannel' has been explicitly defined. Therefore, a default PublishSubscribeChannel will be created.
2020-02-24 14:35:33.247 [32m  INFO [mLAPTOP-ILKHOM --- [  restartedMain] faultConfiguringBeanFactoryPostProcessor : No bean named 'taskScheduler' has been explicitly defined. Therefore, a default ThreadPoolTaskScheduler will be created.
2020-02-24 14:35:33.401 [32m  INFO [mLAPTOP-ILKHOM --- [  restartedMain] trationDelegate$BeanPostProcessorChecker : Bean 'org.springframework.transaction.annotation.ProxyTransactionManagementConfiguration' of type [class org.springframework.transaction.annotation.ProxyTransactionManagementConfiguration$$EnhancerBySpringCGLIB$$a8cd3fec] is not eligible for getting processed by all BeanPostProcessors (for example: not eligible for auto-proxying)
2020-02-24 14:35:34.031 [32m  INFO [mLAPTOP-ILKHOM --- [  restartedMain] s.b.c.e.t.TomcatEmbeddedServletContainer : Tomcat initialized with port(s): 8085 (http)
2020-02-24 14:35:34.050 [32m  INFO [mLAPTOP-ILKHOM --- [  restartedMain] o.a.c.c.StandardService                  : Starting service Tomcat
2020-02-24 14:35:34.052 [32m  INFO [mLAPTOP-ILKHOM --- [  restartedMain] o.a.c.c.StandardEngine                   : Starting Servlet Engine: Apache Tomcat/8.0.37
2020-02-24 14:35:34.216 [32m  INFO [mLAPTOP-ILKHOM --- [ost-startStop-1] o.a.c.c.C.[.[.[/]                        : Initializing Spring embedded WebApplicationContext
2020-02-24 14:35:34.216 [32m  INFO [mLAPTOP-ILKHOM --- [ost-startStop-1] o.s.w.c.ContextLoader                    : Root WebApplicationContext: initialization completed in 5070 ms
2020-02-24 14:35:34.447 [32m  INFO [mLAPTOP-ILKHOM --- [ost-startStop-1] o.s.b.c.e.FilterRegistrationBean         : Mapping filter: 'characterEncodingFilter' to: [/*]
2020-02-24 14:35:34.449 [32m  INFO [mLAPTOP-ILKHOM --- [ost-startStop-1] .e.DelegatingFilterProxyRegistrationBean : Mapping filter: 'springSecurityFilterChain' to: [/*]
2020-02-24 14:35:34.449 [32m  INFO [mLAPTOP-ILKHOM --- [ost-startStop-1] o.s.b.c.e.ServletRegistrationBean        : Mapping servlet: 'dispatcherServlet' to [/]
2020-02-24 14:35:34.902 [32m  INFO [mLAPTOP-ILKHOM --- [ost-startStop-1] j.LocalContainerEntityManagerFactoryBean : Building JPA container EntityManagerFactory for persistence unit 'default'
2020-02-24 14:35:34.913 [32m  INFO [mLAPTOP-ILKHOM --- [ost-startStop-1] o.h.j.i.u.LogHelper                      : HHH000204: Processing PersistenceUnitInfo [
	name: default
	...]
2020-02-24 14:35:35.020 [32m  INFO [mLAPTOP-ILKHOM --- [ost-startStop-1] o.h.Version                              : HHH000412: Hibernate Core {4.3.11.Final}
2020-02-24 14:35:35.023 [32m  INFO [mLAPTOP-ILKHOM --- [ost-startStop-1] o.h.c.Environment                        : HHH000206: hibernate.properties not found
2020-02-24 14:35:35.030 [32m  INFO [mLAPTOP-ILKHOM --- [ost-startStop-1] o.h.c.Environment                        : HHH000021: Bytecode provider name : javassist
2020-02-24 14:35:36.198 [32m  INFO [mLAPTOP-ILKHOM --- [ost-startStop-1] o.h.a.c.Version                          : HCANN000001: Hibernate Commons Annotations {4.0.5.Final}
2020-02-24 14:35:36.571 [32m  INFO [mLAPTOP-ILKHOM --- [ost-startStop-1] o.h.d.Dialect                            : HHH000400: Using dialect: org.hibernate.dialect.MySQL5Dialect
2020-02-24 14:35:36.772 [32m  INFO [mLAPTOP-ILKHOM --- [ost-startStop-1] o.h.h.i.a.ASTQueryTranslatorFactory      : HHH000397: Using ASTQueryTranslatorFactory
2020-02-24 14:35:37.206 [32m  INFO [mLAPTOP-ILKHOM --- [ost-startStop-1] o.h.t.h.SchemaUpdate                     : HHH000228: Running hbm2ddl schema update
2020-02-24 14:35:37.207 [32m  INFO [mLAPTOP-ILKHOM --- [ost-startStop-1] o.h.t.h.SchemaUpdate                     : HHH000102: Fetching database metadata
2020-02-24 14:35:37.209 [32m  INFO [mLAPTOP-ILKHOM --- [ost-startStop-1] o.h.t.h.SchemaUpdate                     : HHH000396: Updating schema
2020-02-24 14:35:37.273 [32m  INFO [mLAPTOP-ILKHOM --- [ost-startStop-1] o.h.t.h.TableMetadata                    : HHH000261: Table found: qabulxona.admin_user
2020-02-24 14:35:37.273 [32m  INFO [mLAPTOP-ILKHOM --- [ost-startStop-1] o.h.t.h.TableMetadata                    : HHH000037: Columns: [password, surname, name, phone_number, id, registered_date, enabled, username]
2020-02-24 14:35:37.273 [32m  INFO [mLAPTOP-ILKHOM --- [ost-startStop-1] o.h.t.h.TableMetadata                    : HHH000108: Foreign keys: []
2020-02-24 14:35:37.273 [32m  INFO [mLAPTOP-ILKHOM --- [ost-startStop-1] o.h.t.h.TableMetadata                    : HHH000126: Indexes: [primary]
2020-02-24 14:35:37.314 [32m  INFO [mLAPTOP-ILKHOM --- [ost-startStop-1] o.h.t.h.TableMetadata                    : HHH000261: Table found: qabulxona.admin_user_role
2020-02-24 14:35:37.314 [32m  INFO [mLAPTOP-ILKHOM --- [ost-startStop-1] o.h.t.h.TableMetadata                    : HHH000037: Columns: [role, user_id, id, version, enabled]
2020-02-24 14:35:37.314 [32m  INFO [mLAPTOP-ILKHOM --- [ost-startStop-1] o.h.t.h.TableMetadata                    : HHH000108: Foreign keys: [fk_9si3yvpr3ccw8xo5yij8ovovw]
2020-02-24 14:35:37.314 [32m  INFO [mLAPTOP-ILKHOM --- [ost-startStop-1] o.h.t.h.TableMetadata                    : HHH000126: Indexes: [fk_9si3yvpr3ccw8xo5yij8ovovw, primary]
2020-02-24 14:35:37.333 [32m  INFO [mLAPTOP-ILKHOM --- [ost-startStop-1] o.h.t.h.TableMetadata                    : HHH000261: Table found: qabulxona.appael
2020-02-24 14:35:37.333 [32m  INFO [mLAPTOP-ILKHOM --- [ost-startStop-1] o.h.t.h.TableMetadata                    : HHH000037: Columns: [appeal_type, appeal_text, date_created, surname, name, student_id, filenames, phone_number, id, student_email]
2020-02-24 14:35:37.333 [32m  INFO [mLAPTOP-ILKHOM --- [ost-startStop-1] o.h.t.h.TableMetadata                    : HHH000108: Foreign keys: []
2020-02-24 14:35:37.333 [32m  INFO [mLAPTOP-ILKHOM --- [ost-startStop-1] o.h.t.h.TableMetadata                    : HHH000126: Indexes: [primary]
2020-02-24 14:35:37.358 [32m  INFO [mLAPTOP-ILKHOM --- [ost-startStop-1] o.h.t.h.TableMetadata                    : HHH000261: Table found: qabulxona.user_and_admin
2020-02-24 14:35:37.359 [32m  INFO [mLAPTOP-ILKHOM --- [ost-startStop-1] o.h.t.h.TableMetadata                    : HHH000037: Columns: [store_id, admin_user_id, id, region_code]
2020-02-24 14:35:37.359 [32m  INFO [mLAPTOP-ILKHOM --- [ost-startStop-1] o.h.t.h.TableMetadata                    : HHH000108: Foreign keys: [fk_falfo62oo2mcnf3ojfc69t3jh]
2020-02-24 14:35:37.359 [32m  INFO [mLAPTOP-ILKHOM --- [ost-startStop-1] o.h.t.h.TableMetadata                    : HHH000126: Indexes: [fk_falfo62oo2mcnf3ojfc69t3jh, primary]
2020-02-24 14:35:37.360 [32m  INFO [mLAPTOP-ILKHOM --- [ost-startStop-1] o.h.t.h.SchemaUpdate                     : HHH000232: Schema update complete
2020-02-24 14:35:38.390 [32m  INFO [mLAPTOP-ILKHOM --- [ost-startStop-1] o.s.s.w.DefaultSecurityFilterChain       : Creating filter chain: org.springframework.security.web.util.matcher.AnyRequestMatcher@1, [org.springframework.security.web.context.request.async.WebAsyncManagerIntegrationFilter@c75c24, org.springframework.security.web.context.SecurityContextPersistenceFilter@102e569, org.springframework.security.web.header.HeaderWriterFilter@869573, org.springframework.security.web.csrf.CsrfFilter@2a0873, org.springframework.security.web.authentication.logout.LogoutFilter@19bb0da, org.springframework.security.web.savedrequest.RequestCacheAwareFilter@be39f7, org.springframework.security.web.servletapi.SecurityContextHolderAwareRequestFilter@129581d, org.springframework.security.web.authentication.AnonymousAuthenticationFilter@180271a, org.springframework.security.web.session.SessionManagementFilter@2c0204, org.springframework.security.web.access.ExceptionTranslationFilter@40e672, org.springframework.security.web.access.intercept.FilterSecurityInterceptor@1845f29]
2020-02-24 14:35:38.679 [32m  INFO [mLAPTOP-ILKHOM --- [  restartedMain] o.s.b.f.c.PropertiesFactoryBean          : Loading properties file from class path resource [rest-default-messages.properties]
2020-02-24 14:35:38.961 [32m  INFO [mLAPTOP-ILKHOM --- [  restartedMain] s.w.s.m.m.a.RequestMappingHandlerMapping : Mapped "{[/cmn/admin/users/form]}" onto public java.lang.String ttpu.qabulxona.controller.AdminUsersController.getUserForm(org.springframework.ui.Model,java.lang.Integer)
2020-02-24 14:35:38.962 [32m  INFO [mLAPTOP-ILKHOM --- [  restartedMain] s.w.s.m.m.a.RequestMappingHandlerMapping : Mapped "{[/cmn/banks/users/save],methods=[POST]}" onto public java.lang.String ttpu.qabulxona.controller.AdminUsersController.submitUser(ttpu.qabulxona.entity.AdminUser,java.lang.Integer[])
2020-02-24 14:35:38.962 [32m  INFO [mLAPTOP-ILKHOM --- [  restartedMain] s.w.s.m.m.a.RequestMappingHandlerMapping : Mapped "{[/cmn/admin/users]}" onto public java.lang.String ttpu.qabulxona.controller.AdminUsersController.getBankUsersPage(org.springframework.ui.Model)
2020-02-24 14:35:38.963 [32m  INFO [mLAPTOP-ILKHOM --- [  restartedMain] s.w.s.m.m.a.RequestMappingHandlerMapping : Mapped "{[/]}" onto public java.lang.String ttpu.qabulxona.controller.ListController.get()
2020-02-24 14:35:38.963 [32m  INFO [mLAPTOP-ILKHOM --- [  restartedMain] s.w.s.m.m.a.RequestMappingHandlerMapping : Mapped "{[/appeals/details],methods=[GET],produces=[application/json]}" onto public java.util.Map<java.lang.String, java.lang.Object> ttpu.qabulxona.controller.ListController.showModal(java.lang.Integer)
2020-02-24 14:35:38.963 [32m  INFO [mLAPTOP-ILKHOM --- [  restartedMain] s.w.s.m.m.a.RequestMappingHandlerMapping : Mapped "{[/appeals/ajax_list]}" onto public java.util.HashMap<java.lang.String, java.lang.Object> ttpu.qabulxona.controller.ListController.getUsersAsJSON()
2020-02-24 14:35:38.968 [32m  INFO [mLAPTOP-ILKHOM --- [  restartedMain] s.w.s.m.m.a.RequestMappingHandlerMapping : Mapped "{[/error]}" onto public org.springframework.http.ResponseEntity<java.util.Map<java.lang.String, java.lang.Object>> org.springframework.boot.autoconfigure.web.BasicErrorController.error(javax.servlet.http.HttpServletRequest)
2020-02-24 14:35:38.968 [32m  INFO [mLAPTOP-ILKHOM --- [  restartedMain] s.w.s.m.m.a.RequestMappingHandlerMapping : Mapped "{[/error],produces=[text/html]}" onto public org.springframework.web.servlet.ModelAndView org.springframework.boot.autoconfigure.web.BasicErrorController.errorHtml(javax.servlet.http.HttpServletRequest,javax.servlet.http.HttpServletResponse)
2020-02-24 14:35:39.033 [32m  INFO [mLAPTOP-ILKHOM --- [  restartedMain] o.s.w.s.h.SimpleUrlHandlerMapping        : Mapped URL path [/assets/**] onto handler of type [class org.springframework.web.servlet.resource.ResourceHttpRequestHandler]
2020-02-24 14:35:39.034 [32m  INFO [mLAPTOP-ILKHOM --- [  restartedMain] o.s.w.s.h.SimpleUrlHandlerMapping        : Mapped URL path [/plugins/**] onto handler of type [class org.springframework.web.servlet.resource.ResourceHttpRequestHandler]
2020-02-24 14:35:39.034 [32m  INFO [mLAPTOP-ILKHOM --- [  restartedMain] o.s.w.s.h.SimpleUrlHandlerMapping        : Mapped URL path [/static/**] onto handler of type [class org.springframework.web.servlet.resource.ResourceHttpRequestHandler]
2020-02-24 14:35:39.034 [32m  INFO [mLAPTOP-ILKHOM --- [  restartedMain] o.s.w.s.h.SimpleUrlHandlerMapping        : Mapped URL path [/firebase*.js] onto handler of type [class org.springframework.web.servlet.resource.ResourceHttpRequestHandler]
2020-02-24 14:35:39.164 [32m  INFO [mLAPTOP-ILKHOM --- [  restartedMain] s.w.s.m.m.a.RequestMappingHandlerAdapter : Looking for @ControllerAdvice: org.springframework.boot.context.embedded.AnnotationConfigEmbeddedWebApplicationContext@185fc1a: startup date [Mon Feb 24 14:35:29 UZT 2020]; root of context hierarchy
2020-02-24 14:35:39.235 [32m  INFO [mLAPTOP-ILKHOM --- [  restartedMain] .m.m.a.ExceptionHandlerExceptionResolver : Detected @ExceptionHandler methods in repositoryRestExceptionHandler
2020-02-24 14:35:40.577 [32m  INFO [mLAPTOP-ILKHOM --- [  restartedMain] o.s.d.r.w.RepositoryRestHandlerAdapter   : Looking for @ControllerAdvice: org.springframework.boot.context.embedded.AnnotationConfigEmbeddedWebApplicationContext@185fc1a: startup date [Mon Feb 24 14:35:29 UZT 2020]; root of context hierarchy
2020-02-24 14:35:40.610 [32m  INFO [mLAPTOP-ILKHOM --- [  restartedMain] o.s.d.r.w.RepositoryRestHandlerMapping   : Mapped "{[/{repository}/{id}/{property}],methods=[GET],produces=[application/x-spring-data-compact+json || text/uri-list]}" onto public org.springframework.http.ResponseEntity<org.springframework.hateoas.ResourceSupport> org.springframework.data.rest.webmvc.RepositoryPropertyReferenceController.followPropertyReferenceCompact(org.springframework.data.rest.webmvc.RootResourceInformation,java.io.Serializable,java.lang.String,org.springframework.data.rest.webmvc.PersistentEntityResourceAssembler) throws java.lang.Exception
2020-02-24 14:35:40.611 [32m  INFO [mLAPTOP-ILKHOM --- [  restartedMain] o.s.d.r.w.RepositoryRestHandlerMapping   : Mapped "{[/{repository}/{id}/{property}/{propertyId}],methods=[DELETE],produces=[application/hal+json || application/json || application/*+json;charset=UTF-8]}" onto public org.springframework.http.ResponseEntity<org.springframework.hateoas.ResourceSupport> org.springframework.data.rest.webmvc.RepositoryPropertyReferenceController.deletePropertyReferenceId(org.springframework.data.rest.webmvc.RootResourceInformation,java.io.Serializable,java.lang.String,java.lang.String) throws java.lang.Exception
2020-02-24 14:35:40.612 [32m  INFO [mLAPTOP-ILKHOM --- [  restartedMain] o.s.d.r.w.RepositoryRestHandlerMapping   : Mapped "{[/{repository}/{id}/{property}],methods=[DELETE],produces=[application/hal+json || application/json || application/*+json;charset=UTF-8]}" onto public org.springframework.http.ResponseEntity<? extends org.springframework.hateoas.ResourceSupport> org.springframework.data.rest.webmvc.RepositoryPropertyReferenceController.deletePropertyReference(org.springframework.data.rest.webmvc.RootResourceInformation,java.io.Serializable,java.lang.String) throws java.lang.Exception
2020-02-24 14:35:40.612 [32m  INFO [mLAPTOP-ILKHOM --- [  restartedMain] o.s.d.r.w.RepositoryRestHandlerMapping   : Mapped "{[/{repository}/{id}/{property}],methods=[GET],produces=[application/hal+json || application/json || application/*+json;charset=UTF-8]}" onto public org.springframework.http.ResponseEntity<org.springframework.hateoas.ResourceSupport> org.springframework.data.rest.webmvc.RepositoryPropertyReferenceController.followPropertyReference(org.springframework.data.rest.webmvc.RootResourceInformation,java.io.Serializable,java.lang.String,org.springframework.data.rest.webmvc.PersistentEntityResourceAssembler) throws java.lang.Exception
2020-02-24 14:35:40.613 [32m  INFO [mLAPTOP-ILKHOM --- [  restartedMain] o.s.d.r.w.RepositoryRestHandlerMapping   : Mapped "{[/{repository}/{id}/{property}/{propertyId}],methods=[GET],produces=[application/hal+json || application/json || application/*+json;charset=UTF-8]}" onto public org.springframework.http.ResponseEntity<org.springframework.hateoas.ResourceSupport> org.springframework.data.rest.webmvc.RepositoryPropertyReferenceController.followPropertyReference(org.springframework.data.rest.webmvc.RootResourceInformation,java.io.Serializable,java.lang.String,java.lang.String,org.springframework.data.rest.webmvc.PersistentEntityResourceAssembler) throws java.lang.Exception
2020-02-24 14:35:40.613 [32m  INFO [mLAPTOP-ILKHOM --- [  restartedMain] o.s.d.r.w.RepositoryRestHandlerMapping   : Mapped "{[/{repository}/{id}/{property}],methods=[PATCH || PUT || POST],consumes=[application/json || application/x-spring-data-compact+json || text/uri-list],produces=[application/hal+json || application/json || application/*+json;charset=UTF-8]}" onto public org.springframework.http.ResponseEntity<? extends org.springframework.hateoas.ResourceSupport> org.springframework.data.rest.webmvc.RepositoryPropertyReferenceController.createPropertyReference(org.springframework.data.rest.webmvc.RootResourceInformation,org.springframework.http.HttpMethod,org.springframework.hateoas.Resources<java.lang.Object>,java.io.Serializable,java.lang.String) throws java.lang.Exception
2020-02-24 14:35:40.617 [32m  INFO [mLAPTOP-ILKHOM --- [  restartedMain] o.s.d.r.w.RepositoryRestHandlerMapping   : Mapped "{[/{repository}],methods=[OPTIONS],produces=[application/hal+json || application/json || application/*+json;charset=UTF-8]}" onto public org.springframework.http.ResponseEntity<?> org.springframework.data.rest.webmvc.RepositoryEntityController.optionsForCollectionResource(org.springframework.data.rest.webmvc.RootResourceInformation)
2020-02-24 14:35:40.617 [32m  INFO [mLAPTOP-ILKHOM --- [  restartedMain] o.s.d.r.w.RepositoryRestHandlerMapping   : Mapped "{[/{repository}],methods=[GET],produces=[application/x-spring-data-compact+json || text/uri-list]}" onto public org.springframework.hateoas.Resources<?> org.springframework.data.rest.webmvc.RepositoryEntityController.getCollectionResourceCompact(org.springframework.data.rest.webmvc.RootResourceInformation,org.springframework.data.rest.webmvc.support.DefaultedPageable,org.springframework.data.domain.Sort,org.springframework.data.rest.webmvc.PersistentEntityResourceAssembler) throws org.springframework.data.rest.webmvc.ResourceNotFoundException,org.springframework.web.HttpRequestMethodNotSupportedException
2020-02-24 14:35:40.618 [32m  INFO [mLAPTOP-ILKHOM --- [  restartedMain] o.s.d.r.w.RepositoryRestHandlerMapping   : Mapped "{[/{repository}],methods=[POST],produces=[application/hal+json || application/json || application/*+json;charset=UTF-8]}" onto public org.springframework.http.ResponseEntity<org.springframework.hateoas.ResourceSupport> org.springframework.data.rest.webmvc.RepositoryEntityController.postCollectionResource(org.springframework.data.rest.webmvc.RootResourceInformation,org.springframework.data.rest.webmvc.PersistentEntityResource,org.springframework.data.rest.webmvc.PersistentEntityResourceAssembler,java.lang.String) throws org.springframework.web.HttpRequestMethodNotSupportedException
2020-02-24 14:35:40.618 [32m  INFO [mLAPTOP-ILKHOM --- [  restartedMain] o.s.d.r.w.RepositoryRestHandlerMapping   : Mapped "{[/{repository}],methods=[GET],produces=[application/hal+json || application/json || application/*+json;charset=UTF-8]}" onto public org.springframework.hateoas.Resources<?> org.springframework.data.rest.webmvc.RepositoryEntityController.getCollectionResource(org.springframework.data.rest.webmvc.RootResourceInformation,org.springframework.data.rest.webmvc.support.DefaultedPageable,org.springframework.data.domain.Sort,org.springframework.data.rest.webmvc.PersistentEntityResourceAssembler) throws org.springframework.data.rest.webmvc.ResourceNotFoundException,org.springframework.web.HttpRequestMethodNotSupportedException
2020-02-24 14:35:40.618 [32m  INFO [mLAPTOP-ILKHOM --- [  restartedMain] o.s.d.r.w.RepositoryRestHandlerMapping   : Mapped "{[/{repository}/{id}],methods=[PATCH],produces=[application/hal+json || application/json || application/*+json;charset=UTF-8]}" onto public org.springframework.http.ResponseEntity<org.springframework.hateoas.ResourceSupport> org.springframework.data.rest.webmvc.RepositoryEntityController.patchItemResource(org.springframework.data.rest.webmvc.RootResourceInformation,org.springframework.data.rest.webmvc.PersistentEntityResource,java.io.Serializable,org.springframework.data.rest.webmvc.PersistentEntityResourceAssembler,org.springframework.data.rest.webmvc.support.ETag,java.lang.String) throws org.springframework.web.HttpRequestMethodNotSupportedException,org.springframework.data.rest.webmvc.ResourceNotFoundException
2020-02-24 14:35:40.619 [32m  INFO [mLAPTOP-ILKHOM --- [  restartedMain] o.s.d.r.w.RepositoryRestHandlerMapping   : Mapped "{[/{repository}],methods=[HEAD],produces=[application/hal+json || application/json || application/*+json;charset=UTF-8]}" onto public org.springframework.http.ResponseEntity<?> org.springframework.data.rest.webmvc.RepositoryEntityController.headCollectionResource(org.springframework.data.rest.webmvc.RootResourceInformation,org.springframework.data.rest.webmvc.support.DefaultedPageable) throws org.springframework.web.HttpRequestMethodNotSupportedException
2020-02-24 14:35:40.619 [32m  INFO [mLAPTOP-ILKHOM --- [  restartedMain] o.s.d.r.w.RepositoryRestHandlerMapping   : Mapped "{[/{repository}/{id}],methods=[HEAD],produces=[application/hal+json || application/json || application/*+json;charset=UTF-8]}" onto public org.springframework.http.ResponseEntity<?> org.springframework.data.rest.webmvc.RepositoryEntityController.headForItemResource(org.springframework.data.rest.webmvc.RootResourceInformation,java.io.Serializable,org.springframework.data.rest.webmvc.PersistentEntityResourceAssembler) throws org.springframework.web.HttpRequestMethodNotSupportedException
2020-02-24 14:35:40.623 [32m  INFO [mLAPTOP-ILKHOM --- [  restartedMain] o.s.d.r.w.RepositoryRestHandlerMapping   : Mapped "{[/{repository}/{id}],methods=[OPTIONS],produces=[application/hal+json || application/json || application/*+json;charset=UTF-8]}" onto public org.springframework.http.ResponseEntity<?> org.springframework.data.rest.webmvc.RepositoryEntityController.optionsForItemResource(org.springframework.data.rest.webmvc.RootResourceInformation)
2020-02-24 14:35:40.623 [32m  INFO [mLAPTOP-ILKHOM --- [  restartedMain] o.s.d.r.w.RepositoryRestHandlerMapping   : Mapped "{[/{repository}/{id}],methods=[DELETE],produces=[application/hal+json || application/json || application/*+json;charset=UTF-8]}" onto public org.springframework.http.ResponseEntity<?> org.springframework.data.rest.webmvc.RepositoryEntityController.deleteItemResource(org.springframework.data.rest.webmvc.RootResourceInformation,java.io.Serializable,org.springframework.data.rest.webmvc.support.ETag) throws org.springframework.data.rest.webmvc.ResourceNotFoundException,org.springframework.web.HttpRequestMethodNotSupportedException
2020-02-24 14:35:40.624 [32m  INFO [mLAPTOP-ILKHOM --- [  restartedMain] o.s.d.r.w.RepositoryRestHandlerMapping   : Mapped "{[/{repository}/{id}],methods=[PUT],produces=[application/hal+json || application/json || application/*+json;charset=UTF-8]}" onto public org.springframework.http.ResponseEntity<? extends org.springframework.hateoas.ResourceSupport> org.springframework.data.rest.webmvc.RepositoryEntityController.putItemResource(org.springframework.data.rest.webmvc.RootResourceInformation,org.springframework.data.rest.webmvc.PersistentEntityResource,java.io.Serializable,org.springframework.data.rest.webmvc.PersistentEntityResourceAssembler,org.springframework.data.rest.webmvc.support.ETag,java.lang.String) throws org.springframework.web.HttpRequestMethodNotSupportedException
2020-02-24 14:35:40.624 [32m  INFO [mLAPTOP-ILKHOM --- [  restartedMain] o.s.d.r.w.RepositoryRestHandlerMapping   : Mapped "{[/{repository}/{id}],methods=[GET],produces=[application/hal+json || application/json || application/*+json;charset=UTF-8]}" onto public org.springframework.http.ResponseEntity<org.springframework.hateoas.Resource<?>> org.springframework.data.rest.webmvc.RepositoryEntityController.getItemResource(org.springframework.data.rest.webmvc.RootResourceInformation,java.io.Serializable,org.springframework.data.rest.webmvc.PersistentEntityResourceAssembler,org.springframework.util.MultiValueMap<java.lang.String, java.lang.String>) throws org.springframework.web.HttpRequestMethodNotSupportedException
2020-02-24 14:35:40.626 [32m  INFO [mLAPTOP-ILKHOM --- [  restartedMain] o.s.d.r.w.RepositoryRestHandlerMapping   : Mapped "{[/{repository}/search],methods=[OPTIONS],produces=[application/hal+json || application/json || application/*+json;charset=UTF-8]}" onto public org.springframework.http.HttpEntity<?> org.springframework.data.rest.webmvc.RepositorySearchController.optionsForSearches(org.springframework.data.rest.webmvc.RootResourceInformation)
2020-02-24 14:35:40.626 [32m  INFO [mLAPTOP-ILKHOM --- [  restartedMain] o.s.d.r.w.RepositoryRestHandlerMapping   : Mapped "{[/{repository}/search/{search}],methods=[GET],produces=[application/x-spring-data-compact+json]}" onto public org.springframework.hateoas.ResourceSupport org.springframework.data.rest.webmvc.RepositorySearchController.executeSearchCompact(org.springframework.data.rest.webmvc.RootResourceInformation,org.springframework.util.MultiValueMap<java.lang.String, java.lang.Object>,java.lang.String,java.lang.String,org.springframework.data.rest.webmvc.support.DefaultedPageable,org.springframework.data.domain.Sort,org.springframework.data.rest.webmvc.PersistentEntityResourceAssembler)
2020-02-24 14:35:40.627 [32m  INFO [mLAPTOP-ILKHOM --- [  restartedMain] o.s.d.r.w.RepositoryRestHandlerMapping   : Mapped "{[/{repository}/search],methods=[GET],produces=[application/hal+json || application/json || application/*+json;charset=UTF-8]}" onto public org.springframework.data.rest.webmvc.RepositorySearchesResource org.springframework.data.rest.webmvc.RepositorySearchController.listSearches(org.springframework.data.rest.webmvc.RootResourceInformation)
2020-02-24 14:35:40.628 [32m  INFO [mLAPTOP-ILKHOM --- [  restartedMain] o.s.d.r.w.RepositoryRestHandlerMapping   : Mapped "{[/{repository}/search/{search}],methods=[OPTIONS],produces=[application/hal+json || application/json || application/*+json;charset=UTF-8]}" onto public org.springframework.http.ResponseEntity<java.lang.Object> org.springframework.data.rest.webmvc.RepositorySearchController.optionsForSearch(org.springframework.data.rest.webmvc.RootResourceInformation,java.lang.String)
2020-02-24 14:35:40.628 [32m  INFO [mLAPTOP-ILKHOM --- [  restartedMain] o.s.d.r.w.RepositoryRestHandlerMapping   : Mapped "{[/{repository}/search/{search}],methods=[GET],produces=[application/hal+json || application/json || application/*+json;charset=UTF-8]}" onto public org.springframework.http.ResponseEntity<java.lang.Object> org.springframework.data.rest.webmvc.RepositorySearchController.executeSearch(org.springframework.data.rest.webmvc.RootResourceInformation,org.springframework.util.MultiValueMap<java.lang.String, java.lang.Object>,java.lang.String,org.springframework.data.rest.webmvc.support.DefaultedPageable,org.springframework.data.domain.Sort,org.springframework.data.rest.webmvc.PersistentEntityResourceAssembler)
2020-02-24 14:35:40.629 [32m  INFO [mLAPTOP-ILKHOM --- [  restartedMain] o.s.d.r.w.RepositoryRestHandlerMapping   : Mapped "{[/{repository}/search],methods=[HEAD],produces=[application/hal+json || application/json || application/*+json;charset=UTF-8]}" onto public org.springframework.http.HttpEntity<?> org.springframework.data.rest.webmvc.RepositorySearchController.headForSearches(org.springframework.data.rest.webmvc.RootResourceInformation)
2020-02-24 14:35:40.629 [32m  INFO [mLAPTOP-ILKHOM --- [  restartedMain] o.s.d.r.w.RepositoryRestHandlerMapping   : Mapped "{[/{repository}/search/{search}],methods=[HEAD],produces=[application/hal+json || application/json || application/*+json;charset=UTF-8]}" onto public org.springframework.http.ResponseEntity<java.lang.Object> org.springframework.data.rest.webmvc.RepositorySearchController.headForSearch(org.springframework.data.rest.webmvc.RootResourceInformation,java.lang.String)
2020-02-24 14:35:40.630 [32m  INFO [mLAPTOP-ILKHOM --- [  restartedMain] o.s.d.r.w.RepositoryRestHandlerMapping   : Mapped "{[/ || ],methods=[OPTIONS],produces=[application/hal+json || application/json || application/*+json;charset=UTF-8]}" onto public org.springframework.http.HttpEntity<?> org.springframework.data.rest.webmvc.RepositoryController.optionsForRepositories()
2020-02-24 14:35:40.630 [32m  INFO [mLAPTOP-ILKHOM --- [  restartedMain] o.s.d.r.w.RepositoryRestHandlerMapping   : Mapped "{[/ || ],methods=[HEAD],produces=[application/hal+json || application/json || application/*+json;charset=UTF-8]}" onto public org.springframework.http.ResponseEntity<?> org.springframework.data.rest.webmvc.RepositoryController.headForRepositories()
2020-02-24 14:35:40.631 [32m  INFO [mLAPTOP-ILKHOM --- [  restartedMain] o.s.d.r.w.RepositoryRestHandlerMapping   : Mapped "{[/ || ],methods=[GET],produces=[application/hal+json || application/json || application/*+json;charset=UTF-8]}" onto public org.springframework.http.HttpEntity<org.springframework.data.rest.webmvc.RepositoryLinksResource> org.springframework.data.rest.webmvc.RepositoryController.listRepositories()
2020-02-24 14:35:40.636 [32m  INFO [mLAPTOP-ILKHOM --- [  restartedMain] o.s.d.r.w.BasePathAwareHandlerMapping    : Mapped "{[/profile/{repository}],methods=[GET],produces=[application/schema+json]}" onto public org.springframework.http.HttpEntity<org.springframework.data.rest.webmvc.json.JsonSchema> org.springframework.data.rest.webmvc.RepositorySchemaController.schema(org.springframework.data.rest.webmvc.RootResourceInformation)
2020-02-24 14:35:40.637 [32m  INFO [mLAPTOP-ILKHOM --- [  restartedMain] o.s.d.r.w.BasePathAwareHandlerMapping    : Mapped "{[/profile],methods=[GET]}" onto org.springframework.http.HttpEntity<org.springframework.hateoas.ResourceSupport> org.springframework.data.rest.webmvc.ProfileController.listAllFormsOfMetadata()
2020-02-24 14:35:40.637 [32m  INFO [mLAPTOP-ILKHOM --- [  restartedMain] o.s.d.r.w.BasePathAwareHandlerMapping    : Mapped "{[/profile],methods=[OPTIONS]}" onto public org.springframework.http.HttpEntity<?> org.springframework.data.rest.webmvc.ProfileController.profileOptions()
2020-02-24 14:35:40.638 [32m  INFO [mLAPTOP-ILKHOM --- [  restartedMain] o.s.d.r.w.BasePathAwareHandlerMapping    : Mapped "{[/profile/{repository}],methods=[GET],produces=[application/alps+json || */*]}" onto org.springframework.http.HttpEntity<org.springframework.data.rest.webmvc.RootResourceInformation> org.springframework.data.rest.webmvc.alps.AlpsController.descriptor(org.springframework.data.rest.webmvc.RootResourceInformation)
2020-02-24 14:35:40.638 [32m  INFO [mLAPTOP-ILKHOM --- [  restartedMain] o.s.d.r.w.BasePathAwareHandlerMapping    : Mapped "{[/profile/{repository}],methods=[OPTIONS],produces=[application/alps+json]}" onto org.springframework.http.HttpEntity<?> org.springframework.data.rest.webmvc.alps.AlpsController.alpsOptions()
2020-02-24 14:35:40.661 [32m  INFO [mLAPTOP-ILKHOM --- [  restartedMain] .m.m.a.ExceptionHandlerExceptionResolver : Detected @ExceptionHandler methods in repositoryRestExceptionHandler
2020-02-24 14:35:41.301 [32m  INFO [mLAPTOP-ILKHOM --- [  restartedMain] o.s.b.f.c.PropertiesFactoryBean          : Loading properties file from URL [jar:file:/D:/web/maven/repository/org/springframework/integration/spring-integration-core/4.2.9.RELEASE/spring-integration-core-4.2.9.RELEASE.jar!/META-INF/spring.integration.default.properties]
2020-02-24 14:35:41.345 [32m  INFO [mLAPTOP-ILKHOM --- [  restartedMain] o.s.s.c.ThreadPoolTaskScheduler          : Initializing ExecutorService  'taskScheduler'
2020-02-24 14:35:42.241 [33m  WARN [mLAPTOP-ILKHOM --- [  restartedMain] o.s.b.d.a.OptionalLiveReloadServer       : Unable to start LiveReload server
2020-02-24 14:35:42.566 [32m  INFO [mLAPTOP-ILKHOM --- [  restartedMain] o.s.j.e.a.AnnotationMBeanExporter        : Registering beans for JMX exposure on startup
2020-02-24 14:35:42.588 [32m  INFO [mLAPTOP-ILKHOM --- [  restartedMain] o.s.c.s.DefaultLifecycleProcessor        : Starting beans in phase 0
2020-02-24 14:35:42.589 [32m  INFO [mLAPTOP-ILKHOM --- [  restartedMain] o.s.i.e.EventDrivenConsumer              : Adding {logging-channel-adapter:_org.springframework.integration.errorLogger} as a subscriber to the 'errorChannel' channel
2020-02-24 14:35:42.589 [32m  INFO [mLAPTOP-ILKHOM --- [  restartedMain] o.s.i.c.PublishSubscribeChannel          : Channel 'application:8085.errorChannel' has 1 subscriber(s).
2020-02-24 14:35:42.589 [32m  INFO [mLAPTOP-ILKHOM --- [  restartedMain] o.s.i.e.EventDrivenConsumer              : started _org.springframework.integration.errorLogger
2020-02-24 14:35:42.640 [32m  INFO [mLAPTOP-ILKHOM --- [  restartedMain] o.a.c.h.Http11NioProtocol                : Initializing ProtocolHandler ["http-nio-8085"]
2020-02-24 14:35:42.653 [32m  INFO [mLAPTOP-ILKHOM --- [  restartedMain] o.a.c.h.Http11NioProtocol                : Starting ProtocolHandler ["http-nio-8085"]
2020-02-24 14:35:42.673 [32m  INFO [mLAPTOP-ILKHOM --- [  restartedMain] o.a.t.u.n.NioSelectorPool                : Using a shared selector for servlet write/read
2020-02-24 14:35:42.724 [32m  INFO [mLAPTOP-ILKHOM --- [  restartedMain] s.b.c.e.t.TomcatEmbeddedServletContainer : Tomcat started on port(s): 8085 (http)
2020-02-24 14:35:42.733 [32m  INFO [mLAPTOP-ILKHOM --- [  restartedMain] t.q.QabulxonaApplication                 : Started QabulxonaApplication in 14.495 seconds (JVM running for 17.459)
2020-02-24 14:36:10.010 [32m  INFO [mLAPTOP-ILKHOM --- [nio-8085-exec-1] o.a.c.c.C.[.[.[/]                        : Initializing Spring FrameworkServlet 'dispatcherServlet'
2020-02-24 14:36:10.011 [32m  INFO [mLAPTOP-ILKHOM --- [nio-8085-exec-1] o.s.w.s.DispatcherServlet                : FrameworkServlet 'dispatcherServlet': initialization started
2020-02-24 14:36:10.030 [32m  INFO [mLAPTOP-ILKHOM --- [nio-8085-exec-1] o.s.w.s.DispatcherServlet                : FrameworkServlet 'dispatcherServlet': initialization completed in 19 ms
2020-02-24 14:36:10.101 [32m  INFO [mLAPTOP-ILKHOM --- [nio-8085-exec-1] o.t.TemplateEngine                       : [THYMELEAF] INITIALIZING TEMPLATE ENGINE
2020-02-24 14:36:10.242 [32m  INFO [mLAPTOP-ILKHOM --- [nio-8085-exec-1] o.t.t.AbstractTemplateResolver           : [THYMELEAF] INITIALIZING TEMPLATE RESOLVER: org.thymeleaf.templateresolver.ClassLoaderTemplateResolver
2020-02-24 14:36:10.242 [32m  INFO [mLAPTOP-ILKHOM --- [nio-8085-exec-1] o.t.t.AbstractTemplateResolver           : [THYMELEAF] TEMPLATE RESOLVER INITIALIZED OK
2020-02-24 14:36:10.242 [32m  INFO [mLAPTOP-ILKHOM --- [nio-8085-exec-1] o.t.m.AbstractMessageResolver            : [THYMELEAF] INITIALIZING MESSAGE RESOLVER: org.thymeleaf.spring4.messageresolver.SpringMessageResolver
2020-02-24 14:36:10.242 [32m  INFO [mLAPTOP-ILKHOM --- [nio-8085-exec-1] o.t.m.AbstractMessageResolver            : [THYMELEAF] MESSAGE RESOLVER INITIALIZED OK
2020-02-24 14:36:10.250 [32m  INFO [mLAPTOP-ILKHOM --- [nio-8085-exec-1] o.t.T.CONFIG                             : [THYMELEAF] TEMPLATE ENGINE CONFIGURATION:
[THYMELEAF] * Cache Factory implementation: org.thymeleaf.cache.StandardCacheManager
[THYMELEAF] * Template modes:
[THYMELEAF]     * VALIDXML
[THYMELEAF]     * VALIDXHTML
[THYMELEAF]     * XML
[THYMELEAF]     * XHTML
[THYMELEAF]     * HTML5
[THYMELEAF]     * LEGACYHTML5
[THYMELEAF] * Template resolvers (in order):
[THYMELEAF]     * org.thymeleaf.templateresolver.ClassLoaderTemplateResolver
[THYMELEAF] * Message resolvers (in order):
[THYMELEAF]     * org.thymeleaf.spring4.messageresolver.SpringMessageResolver
[THYMELEAF] * Dialect [1 of 3]: org.thymeleaf.spring4.dialect.SpringStandardDialect
[THYMELEAF]     * Prefix: "th"
[THYMELEAF] * Dialect [2 of 3]: nz.net.ultraq.thymeleaf.LayoutDialect
[THYMELEAF]     * Prefix: "layout"
[THYMELEAF] * Dialect [3 of 3]: org.thymeleaf.extras.springsecurity4.dialect.SpringSecurityDialect
[THYMELEAF]     * Prefix: "sec"
[THYMELEAF] TEMPLATE ENGINE CONFIGURED OK
2020-02-24 14:36:10.250 [32m  INFO [mLAPTOP-ILKHOM --- [nio-8085-exec-1] o.t.TemplateEngine                       : [THYMELEAF] TEMPLATE ENGINE INITIALIZED
2020-02-24 14:36:11.397 [33m  WARN [mLAPTOP-ILKHOM --- [nio-8085-exec-3] o.s.w.s.PageNotFound                     : No mapping found for HTTP request with URI [/MaxsusRektorUchunSayt/appeals/ajax_list] in DispatcherServlet with name 'dispatcherServlet'
2020-02-24 16:04:41.732 [32m  INFO [mLAPTOP-ILKHOM --- [  restartedMain] t.q.QabulxonaApplication                 : Starting QabulxonaApplication on LAPTOP-ILKHOM with PID 12604 (started by ilhom in C:\MINE\ish\turin\test\from shokir6\admin\qabulxona)
2020-02-24 16:04:41.733 [32m  INFO [mLAPTOP-ILKHOM --- [  restartedMain] t.q.QabulxonaApplication                 : No active profile set, falling back to default profiles: default
2020-02-24 16:04:42.099 [32m  INFO [mLAPTOP-ILKHOM --- [  restartedMain] ationConfigEmbeddedWebApplicationContext : Refreshing org.springframework.boot.context.embedded.AnnotationConfigEmbeddedWebApplicationContext@7926c5: startup date [Mon Feb 24 16:04:42 UZT 2020]; root of context hierarchy
2020-02-24 16:04:47.063 [32m  INFO [mLAPTOP-ILKHOM --- [  restartedMain] t.q.QabulxonaApplication                 : Starting QabulxonaApplication on LAPTOP-ILKHOM with PID 8804 (started by ilhom in C:\MINE\ish\turin\test\from shokir6\admin\qabulxona)
2020-02-24 16:04:47.065 [32m  INFO [mLAPTOP-ILKHOM --- [  restartedMain] t.q.QabulxonaApplication                 : No active profile set, falling back to default profiles: default
2020-02-24 16:04:47.424 [32m  INFO [mLAPTOP-ILKHOM --- [  restartedMain] ationConfigEmbeddedWebApplicationContext : Refreshing org.springframework.boot.context.embedded.AnnotationConfigEmbeddedWebApplicationContext@1687103: startup date [Mon Feb 24 16:04:47 UZT 2020]; root of context hierarchy
2020-02-24 16:04:47.455 [32m  INFO [mLAPTOP-ILKHOM --- [kground-preinit] o.h.v.i.u.Version                        : HV000001: Hibernate Validator 5.2.4.Final
2020-02-24 16:04:49.390 [32m  INFO [mLAPTOP-ILKHOM --- [  restartedMain] o.s.b.f.c.PropertiesFactoryBean          : Loading properties file from URL [jar:file:/D:/web/maven/repository/org/springframework/integration/spring-integration-core/4.2.9.RELEASE/spring-integration-core-4.2.9.RELEASE.jar!/META-INF/spring.integration.default.properties]
2020-02-24 16:04:49.393 [32m  INFO [mLAPTOP-ILKHOM --- [  restartedMain] o.s.i.c.IntegrationRegistrar             : No bean named 'integrationHeaderChannelRegistry' has been explicitly defined. Therefore, a default DefaultHeaderChannelRegistry will be created.
2020-02-24 16:04:49.703 [32m  INFO [mLAPTOP-ILKHOM --- [  restartedMain] faultConfiguringBeanFactoryPostProcessor : No bean named 'errorChannel' has been explicitly defined. Therefore, a default PublishSubscribeChannel will be created.
2020-02-24 16:04:49.709 [32m  INFO [mLAPTOP-ILKHOM --- [  restartedMain] faultConfiguringBeanFactoryPostProcessor : No bean named 'taskScheduler' has been explicitly defined. Therefore, a default ThreadPoolTaskScheduler will be created.
2020-02-24 16:04:49.823 [32m  INFO [mLAPTOP-ILKHOM --- [  restartedMain] trationDelegate$BeanPostProcessorChecker : Bean 'org.springframework.transaction.annotation.ProxyTransactionManagementConfiguration' of type [class org.springframework.transaction.annotation.ProxyTransactionManagementConfiguration$$EnhancerBySpringCGLIB$$f7a30efe] is not eligible for getting processed by all BeanPostProcessors (for example: not eligible for auto-proxying)
2020-02-24 16:04:50.332 [32m  INFO [mLAPTOP-ILKHOM --- [  restartedMain] s.b.c.e.t.TomcatEmbeddedServletContainer : Tomcat initialized with port(s): 8080 (http)
2020-02-24 16:04:50.355 [32m  INFO [mLAPTOP-ILKHOM --- [  restartedMain] o.a.c.c.StandardService                  : Starting service Tomcat
2020-02-24 16:04:50.357 [32m  INFO [mLAPTOP-ILKHOM --- [  restartedMain] o.a.c.c.StandardEngine                   : Starting Servlet Engine: Apache Tomcat/8.0.37
2020-02-24 16:04:50.469 [32m  INFO [mLAPTOP-ILKHOM --- [ost-startStop-1] o.a.c.c.C.[.[.[/]                        : Initializing Spring embedded WebApplicationContext
2020-02-24 16:04:50.469 [32m  INFO [mLAPTOP-ILKHOM --- [ost-startStop-1] o.s.w.c.ContextLoader                    : Root WebApplicationContext: initialization completed in 3048 ms
2020-02-24 16:04:50.623 [32m  INFO [mLAPTOP-ILKHOM --- [ost-startStop-1] o.s.b.c.e.FilterRegistrationBean         : Mapping filter: 'characterEncodingFilter' to: [/*]
2020-02-24 16:04:50.624 [32m  INFO [mLAPTOP-ILKHOM --- [ost-startStop-1] .e.DelegatingFilterProxyRegistrationBean : Mapping filter: 'springSecurityFilterChain' to: [/*]
2020-02-24 16:04:50.624 [32m  INFO [mLAPTOP-ILKHOM --- [ost-startStop-1] o.s.b.c.e.ServletRegistrationBean        : Mapping servlet: 'dispatcherServlet' to [/]
2020-02-24 16:04:50.961 [32m  INFO [mLAPTOP-ILKHOM --- [ost-startStop-1] j.LocalContainerEntityManagerFactoryBean : Building JPA container EntityManagerFactory for persistence unit 'default'
2020-02-24 16:04:50.968 [32m  INFO [mLAPTOP-ILKHOM --- [ost-startStop-1] o.h.j.i.u.LogHelper                      : HHH000204: Processing PersistenceUnitInfo [
	name: default
	...]
2020-02-24 16:04:51.044 [32m  INFO [mLAPTOP-ILKHOM --- [ost-startStop-1] o.h.Version                              : HHH000412: Hibernate Core {4.3.11.Final}
2020-02-24 16:04:51.046 [32m  INFO [mLAPTOP-ILKHOM --- [ost-startStop-1] o.h.c.Environment                        : HHH000206: hibernate.properties not found
2020-02-24 16:04:51.046 [32m  INFO [mLAPTOP-ILKHOM --- [ost-startStop-1] o.h.c.Environment                        : HHH000021: Bytecode provider name : javassist
2020-02-24 16:04:51.660 [32m  INFO [mLAPTOP-ILKHOM --- [ost-startStop-1] o.h.a.c.Version                          : HCANN000001: Hibernate Commons Annotations {4.0.5.Final}
2020-02-24 16:04:52.072 [32m  INFO [mLAPTOP-ILKHOM --- [ost-startStop-1] o.h.d.Dialect                            : HHH000400: Using dialect: org.hibernate.dialect.MySQL5Dialect
2020-02-24 16:04:52.264 [32m  INFO [mLAPTOP-ILKHOM --- [ost-startStop-1] o.h.h.i.a.ASTQueryTranslatorFactory      : HHH000397: Using ASTQueryTranslatorFactory
2020-02-24 16:04:52.584 [32m  INFO [mLAPTOP-ILKHOM --- [ost-startStop-1] o.h.t.h.SchemaUpdate                     : HHH000228: Running hbm2ddl schema update
2020-02-24 16:04:52.584 [32m  INFO [mLAPTOP-ILKHOM --- [ost-startStop-1] o.h.t.h.SchemaUpdate                     : HHH000102: Fetching database metadata
2020-02-24 16:04:52.586 [32m  INFO [mLAPTOP-ILKHOM --- [ost-startStop-1] o.h.t.h.SchemaUpdate                     : HHH000396: Updating schema
2020-02-24 16:04:52.623 [32m  INFO [mLAPTOP-ILKHOM --- [ost-startStop-1] o.h.t.h.TableMetadata                    : HHH000261: Table found: qabulxona.admin_user
2020-02-24 16:04:52.623 [32m  INFO [mLAPTOP-ILKHOM --- [ost-startStop-1] o.h.t.h.TableMetadata                    : HHH000037: Columns: [password, surname, name, phone_number, id, registered_date, enabled, username]
2020-02-24 16:04:52.623 [32m  INFO [mLAPTOP-ILKHOM --- [ost-startStop-1] o.h.t.h.TableMetadata                    : HHH000108: Foreign keys: []
2020-02-24 16:04:52.623 [32m  INFO [mLAPTOP-ILKHOM --- [ost-startStop-1] o.h.t.h.TableMetadata                    : HHH000126: Indexes: [primary]
2020-02-24 16:04:52.642 [32m  INFO [mLAPTOP-ILKHOM --- [ost-startStop-1] o.h.t.h.TableMetadata                    : HHH000261: Table found: qabulxona.admin_user_role
2020-02-24 16:04:52.642 [32m  INFO [mLAPTOP-ILKHOM --- [ost-startStop-1] o.h.t.h.TableMetadata                    : HHH000037: Columns: [role, user_id, id, version, enabled]
2020-02-24 16:04:52.642 [32m  INFO [mLAPTOP-ILKHOM --- [ost-startStop-1] o.h.t.h.TableMetadata                    : HHH000108: Foreign keys: [fk_9si3yvpr3ccw8xo5yij8ovovw]
2020-02-24 16:04:52.642 [32m  INFO [mLAPTOP-ILKHOM --- [ost-startStop-1] o.h.t.h.TableMetadata                    : HHH000126: Indexes: [fk_9si3yvpr3ccw8xo5yij8ovovw, primary]
2020-02-24 16:04:52.658 [32m  INFO [mLAPTOP-ILKHOM --- [ost-startStop-1] o.h.t.h.TableMetadata                    : HHH000261: Table found: qabulxona.appael
2020-02-24 16:04:52.658 [32m  INFO [mLAPTOP-ILKHOM --- [ost-startStop-1] o.h.t.h.TableMetadata                    : HHH000037: Columns: [appeal_type, appeal_text, date_created, surname, name, student_id, filenames, phone_number, id, student_email]
2020-02-24 16:04:52.658 [32m  INFO [mLAPTOP-ILKHOM --- [ost-startStop-1] o.h.t.h.TableMetadata                    : HHH000108: Foreign keys: []
2020-02-24 16:04:52.658 [32m  INFO [mLAPTOP-ILKHOM --- [ost-startStop-1] o.h.t.h.TableMetadata                    : HHH000126: Indexes: [primary]
2020-02-24 16:04:52.676 [32m  INFO [mLAPTOP-ILKHOM --- [ost-startStop-1] o.h.t.h.TableMetadata                    : HHH000261: Table found: qabulxona.user_and_admin
2020-02-24 16:04:52.676 [32m  INFO [mLAPTOP-ILKHOM --- [ost-startStop-1] o.h.t.h.TableMetadata                    : HHH000037: Columns: [store_id, admin_user_id, id, region_code]
2020-02-24 16:04:52.676 [32m  INFO [mLAPTOP-ILKHOM --- [ost-startStop-1] o.h.t.h.TableMetadata                    : HHH000108: Foreign keys: [fk_falfo62oo2mcnf3ojfc69t3jh]
2020-02-24 16:04:52.676 [32m  INFO [mLAPTOP-ILKHOM --- [ost-startStop-1] o.h.t.h.TableMetadata                    : HHH000126: Indexes: [fk_falfo62oo2mcnf3ojfc69t3jh, primary]
2020-02-24 16:04:52.677 [32m  INFO [mLAPTOP-ILKHOM --- [ost-startStop-1] o.h.t.h.SchemaUpdate                     : HHH000232: Schema update complete
2020-02-24 16:04:53.518 [32m  INFO [mLAPTOP-ILKHOM --- [ost-startStop-1] o.s.s.w.DefaultSecurityFilterChain       : Creating filter chain: org.springframework.security.web.util.matcher.AnyRequestMatcher@1, [org.springframework.security.web.context.request.async.WebAsyncManagerIntegrationFilter@a40b1, org.springframework.security.web.context.SecurityContextPersistenceFilter@129d38b, org.springframework.security.web.header.HeaderWriterFilter@beefa0, org.springframework.security.web.csrf.CsrfFilter@17c5490, org.springframework.security.web.authentication.logout.LogoutFilter@aaa7dc, org.springframework.security.web.savedrequest.RequestCacheAwareFilter@17b4384, org.springframework.security.web.servletapi.SecurityContextHolderAwareRequestFilter@1583660, org.springframework.security.web.authentication.AnonymousAuthenticationFilter@a9910e, org.springframework.security.web.session.SessionManagementFilter@10cd2d3, org.springframework.security.web.access.ExceptionTranslationFilter@1a65f6d, org.springframework.security.web.access.intercept.FilterSecurityInterceptor@68b16f]
2020-02-24 16:04:53.759 [32m  INFO [mLAPTOP-ILKHOM --- [  restartedMain] o.s.b.f.c.PropertiesFactoryBean          : Loading properties file from class path resource [rest-default-messages.properties]
2020-02-24 16:04:53.976 [32m  INFO [mLAPTOP-ILKHOM --- [  restartedMain] s.w.s.m.m.a.RequestMappingHandlerMapping : Mapped "{[/cmn/admin/users]}" onto public java.lang.String ttpu.qabulxona.controller.AdminUsersController.getBankUsersPage(org.springframework.ui.Model)
2020-02-24 16:04:53.977 [32m  INFO [mLAPTOP-ILKHOM --- [  restartedMain] s.w.s.m.m.a.RequestMappingHandlerMapping : Mapped "{[/cmn/admin/users/form]}" onto public java.lang.String ttpu.qabulxona.controller.AdminUsersController.getUserForm(org.springframework.ui.Model,java.lang.Integer)
2020-02-24 16:04:53.977 [32m  INFO [mLAPTOP-ILKHOM --- [  restartedMain] s.w.s.m.m.a.RequestMappingHandlerMapping : Mapped "{[/cmn/banks/users/save],methods=[POST]}" onto public java.lang.String ttpu.qabulxona.controller.AdminUsersController.submitUser(ttpu.qabulxona.entity.AdminUser,java.lang.Integer[])
2020-02-24 16:04:53.978 [32m  INFO [mLAPTOP-ILKHOM --- [  restartedMain] s.w.s.m.m.a.RequestMappingHandlerMapping : Mapped "{[/]}" onto public java.lang.String ttpu.qabulxona.controller.ListController.get()
2020-02-24 16:04:53.978 [32m  INFO [mLAPTOP-ILKHOM --- [  restartedMain] s.w.s.m.m.a.RequestMappingHandlerMapping : Mapped "{[/appeals/ajax_list]}" onto public java.util.HashMap<java.lang.String, java.lang.Object> ttpu.qabulxona.controller.ListController.getUsersAsJSON()
2020-02-24 16:04:53.978 [32m  INFO [mLAPTOP-ILKHOM --- [  restartedMain] s.w.s.m.m.a.RequestMappingHandlerMapping : Mapped "{[/appeals/details],methods=[GET],produces=[application/json]}" onto public java.util.Map<java.lang.String, java.lang.Object> ttpu.qabulxona.controller.ListController.showModal(java.lang.Integer)
2020-02-24 16:04:53.982 [32m  INFO [mLAPTOP-ILKHOM --- [  restartedMain] s.w.s.m.m.a.RequestMappingHandlerMapping : Mapped "{[/error]}" onto public org.springframework.http.ResponseEntity<java.util.Map<java.lang.String, java.lang.Object>> org.springframework.boot.autoconfigure.web.BasicErrorController.error(javax.servlet.http.HttpServletRequest)
2020-02-24 16:04:53.983 [32m  INFO [mLAPTOP-ILKHOM --- [  restartedMain] s.w.s.m.m.a.RequestMappingHandlerMapping : Mapped "{[/error],produces=[text/html]}" onto public org.springframework.web.servlet.ModelAndView org.springframework.boot.autoconfigure.web.BasicErrorController.errorHtml(javax.servlet.http.HttpServletRequest,javax.servlet.http.HttpServletResponse)
2020-02-24 16:04:54.025 [32m  INFO [mLAPTOP-ILKHOM --- [  restartedMain] o.s.w.s.h.SimpleUrlHandlerMapping        : Mapped URL path [/assets/**] onto handler of type [class org.springframework.web.servlet.resource.ResourceHttpRequestHandler]
2020-02-24 16:04:54.026 [32m  INFO [mLAPTOP-ILKHOM --- [  restartedMain] o.s.w.s.h.SimpleUrlHandlerMapping        : Mapped URL path [/plugins/**] onto handler of type [class org.springframework.web.servlet.resource.ResourceHttpRequestHandler]
2020-02-24 16:04:54.026 [32m  INFO [mLAPTOP-ILKHOM --- [  restartedMain] o.s.w.s.h.SimpleUrlHandlerMapping        : Mapped URL path [/static/**] onto handler of type [class org.springframework.web.servlet.resource.ResourceHttpRequestHandler]
2020-02-24 16:04:54.026 [32m  INFO [mLAPTOP-ILKHOM --- [  restartedMain] o.s.w.s.h.SimpleUrlHandlerMapping        : Mapped URL path [/firebase*.js] onto handler of type [class org.springframework.web.servlet.resource.ResourceHttpRequestHandler]
2020-02-24 16:04:54.138 [32m  INFO [mLAPTOP-ILKHOM --- [  restartedMain] s.w.s.m.m.a.RequestMappingHandlerAdapter : Looking for @ControllerAdvice: org.springframework.boot.context.embedded.AnnotationConfigEmbeddedWebApplicationContext@1687103: startup date [Mon Feb 24 16:04:47 UZT 2020]; root of context hierarchy
2020-02-24 16:04:54.188 [32m  INFO [mLAPTOP-ILKHOM --- [  restartedMain] .m.m.a.ExceptionHandlerExceptionResolver : Detected @ExceptionHandler methods in repositoryRestExceptionHandler
2020-02-24 16:04:54.919 [32m  INFO [mLAPTOP-ILKHOM --- [  restartedMain] o.s.d.r.w.RepositoryRestHandlerAdapter   : Looking for @ControllerAdvice: org.springframework.boot.context.embedded.AnnotationConfigEmbeddedWebApplicationContext@1687103: startup date [Mon Feb 24 16:04:47 UZT 2020]; root of context hierarchy
2020-02-24 16:04:54.943 [32m  INFO [mLAPTOP-ILKHOM --- [  restartedMain] o.s.d.r.w.RepositoryRestHandlerMapping   : Mapped "{[/{repository}/{id}/{property}],methods=[GET],produces=[application/x-spring-data-compact+json || text/uri-list]}" onto public org.springframework.http.ResponseEntity<org.springframework.hateoas.ResourceSupport> org.springframework.data.rest.webmvc.RepositoryPropertyReferenceController.followPropertyReferenceCompact(org.springframework.data.rest.webmvc.RootResourceInformation,java.io.Serializable,java.lang.String,org.springframework.data.rest.webmvc.PersistentEntityResourceAssembler) throws java.lang.Exception
2020-02-24 16:04:54.943 [32m  INFO [mLAPTOP-ILKHOM --- [  restartedMain] o.s.d.r.w.RepositoryRestHandlerMapping   : Mapped "{[/{repository}/{id}/{property}/{propertyId}],methods=[DELETE],produces=[application/hal+json || application/json || application/*+json;charset=UTF-8]}" onto public org.springframework.http.ResponseEntity<org.springframework.hateoas.ResourceSupport> org.springframework.data.rest.webmvc.RepositoryPropertyReferenceController.deletePropertyReferenceId(org.springframework.data.rest.webmvc.RootResourceInformation,java.io.Serializable,java.lang.String,java.lang.String) throws java.lang.Exception
2020-02-24 16:04:54.943 [32m  INFO [mLAPTOP-ILKHOM --- [  restartedMain] o.s.d.r.w.RepositoryRestHandlerMapping   : Mapped "{[/{repository}/{id}/{property}],methods=[DELETE],produces=[application/hal+json || application/json || application/*+json;charset=UTF-8]}" onto public org.springframework.http.ResponseEntity<? extends org.springframework.hateoas.ResourceSupport> org.springframework.data.rest.webmvc.RepositoryPropertyReferenceController.deletePropertyReference(org.springframework.data.rest.webmvc.RootResourceInformation,java.io.Serializable,java.lang.String) throws java.lang.Exception
2020-02-24 16:04:54.944 [32m  INFO [mLAPTOP-ILKHOM --- [  restartedMain] o.s.d.r.w.RepositoryRestHandlerMapping   : Mapped "{[/{repository}/{id}/{property}/{propertyId}],methods=[GET],produces=[application/hal+json || application/json || application/*+json;charset=UTF-8]}" onto public org.springframework.http.ResponseEntity<org.springframework.hateoas.ResourceSupport> org.springframework.data.rest.webmvc.RepositoryPropertyReferenceController.followPropertyReference(org.springframework.data.rest.webmvc.RootResourceInformation,java.io.Serializable,java.lang.String,java.lang.String,org.springframework.data.rest.webmvc.PersistentEntityResourceAssembler) throws java.lang.Exception
2020-02-24 16:04:54.944 [32m  INFO [mLAPTOP-ILKHOM --- [  restartedMain] o.s.d.r.w.RepositoryRestHandlerMapping   : Mapped "{[/{repository}/{id}/{property}],methods=[GET],produces=[application/hal+json || application/json || application/*+json;charset=UTF-8]}" onto public org.springframework.http.ResponseEntity<org.springframework.hateoas.ResourceSupport> org.springframework.data.rest.webmvc.RepositoryPropertyReferenceController.followPropertyReference(org.springframework.data.rest.webmvc.RootResourceInformation,java.io.Serializable,java.lang.String,org.springframework.data.rest.webmvc.PersistentEntityResourceAssembler) throws java.lang.Exception
2020-02-24 16:04:54.944 [32m  INFO [mLAPTOP-ILKHOM --- [  restartedMain] o.s.d.r.w.RepositoryRestHandlerMapping   : Mapped "{[/{repository}/{id}/{property}],methods=[PATCH || PUT || POST],consumes=[application/json || application/x-spring-data-compact+json || text/uri-list],produces=[application/hal+json || application/json || application/*+json;charset=UTF-8]}" onto public org.springframework.http.ResponseEntity<? extends org.springframework.hateoas.ResourceSupport> org.springframework.data.rest.webmvc.RepositoryPropertyReferenceController.createPropertyReference(org.springframework.data.rest.webmvc.RootResourceInformation,org.springframework.http.HttpMethod,org.springframework.hateoas.Resources<java.lang.Object>,java.io.Serializable,java.lang.String) throws java.lang.Exception
2020-02-24 16:04:54.946 [32m  INFO [mLAPTOP-ILKHOM --- [  restartedMain] o.s.d.r.w.RepositoryRestHandlerMapping   : Mapped "{[/{repository}/{id}],methods=[PUT],produces=[application/hal+json || application/json || application/*+json;charset=UTF-8]}" onto public org.springframework.http.ResponseEntity<? extends org.springframework.hateoas.ResourceSupport> org.springframework.data.rest.webmvc.RepositoryEntityController.putItemResource(org.springframework.data.rest.webmvc.RootResourceInformation,org.springframework.data.rest.webmvc.PersistentEntityResource,java.io.Serializable,org.springframework.data.rest.webmvc.PersistentEntityResourceAssembler,org.springframework.data.rest.webmvc.support.ETag,java.lang.String) throws org.springframework.web.HttpRequestMethodNotSupportedException
2020-02-24 16:04:54.946 [32m  INFO [mLAPTOP-ILKHOM --- [  restartedMain] o.s.d.r.w.RepositoryRestHandlerMapping   : Mapped "{[/{repository}/{id}],methods=[GET],produces=[application/hal+json || application/json || application/*+json;charset=UTF-8]}" onto public org.springframework.http.ResponseEntity<org.springframework.hateoas.Resource<?>> org.springframework.data.rest.webmvc.RepositoryEntityController.getItemResource(org.springframework.data.rest.webmvc.RootResourceInformation,java.io.Serializable,org.springframework.data.rest.webmvc.PersistentEntityResourceAssembler,org.springframework.util.MultiValueMap<java.lang.String, java.lang.String>) throws org.springframework.web.HttpRequestMethodNotSupportedException
2020-02-24 16:04:54.946 [32m  INFO [mLAPTOP-ILKHOM --- [  restartedMain] o.s.d.r.w.RepositoryRestHandlerMapping   : Mapped "{[/{repository}],methods=[OPTIONS],produces=[application/hal+json || application/json || application/*+json;charset=UTF-8]}" onto public org.springframework.http.ResponseEntity<?> org.springframework.data.rest.webmvc.RepositoryEntityController.optionsForCollectionResource(org.springframework.data.rest.webmvc.RootResourceInformation)
2020-02-24 16:04:54.947 [32m  INFO [mLAPTOP-ILKHOM --- [  restartedMain] o.s.d.r.w.RepositoryRestHandlerMapping   : Mapped "{[/{repository}],methods=[GET],produces=[application/x-spring-data-compact+json || text/uri-list]}" onto public org.springframework.hateoas.Resources<?> org.springframework.data.rest.webmvc.RepositoryEntityController.getCollectionResourceCompact(org.springframework.data.rest.webmvc.RootResourceInformation,org.springframework.data.rest.webmvc.support.DefaultedPageable,org.springframework.data.domain.Sort,org.springframework.data.rest.webmvc.PersistentEntityResourceAssembler) throws org.springframework.data.rest.webmvc.ResourceNotFoundException,org.springframework.web.HttpRequestMethodNotSupportedException
2020-02-24 16:04:54.947 [32m  INFO [mLAPTOP-ILKHOM --- [  restartedMain] o.s.d.r.w.RepositoryRestHandlerMapping   : Mapped "{[/{repository}/{id}],methods=[DELETE],produces=[application/hal+json || application/json || application/*+json;charset=UTF-8]}" onto public org.springframework.http.ResponseEntity<?> org.springframework.data.rest.webmvc.RepositoryEntityController.deleteItemResource(org.springframework.data.rest.webmvc.RootResourceInformation,java.io.Serializable,org.springframework.data.rest.webmvc.support.ETag) throws org.springframework.data.rest.webmvc.ResourceNotFoundException,org.springframework.web.HttpRequestMethodNotSupportedException
2020-02-24 16:04:54.947 [32m  INFO [mLAPTOP-ILKHOM --- [  restartedMain] o.s.d.r.w.RepositoryRestHandlerMapping   : Mapped "{[/{repository}/{id}],methods=[PATCH],produces=[application/hal+json || application/json || application/*+json;charset=UTF-8]}" onto public org.springframework.http.ResponseEntity<org.springframework.hateoas.ResourceSupport> org.springframework.data.rest.webmvc.RepositoryEntityController.patchItemResource(org.springframework.data.rest.webmvc.RootResourceInformation,org.springframework.data.rest.webmvc.PersistentEntityResource,java.io.Serializable,org.springframework.data.rest.webmvc.PersistentEntityResourceAssembler,org.springframework.data.rest.webmvc.support.ETag,java.lang.String) throws org.springframework.web.HttpRequestMethodNotSupportedException,org.springframework.data.rest.webmvc.ResourceNotFoundException
2020-02-24 16:04:54.947 [32m  INFO [mLAPTOP-ILKHOM --- [  restartedMain] o.s.d.r.w.RepositoryRestHandlerMapping   : Mapped "{[/{repository}],methods=[GET],produces=[application/hal+json || application/json || application/*+json;charset=UTF-8]}" onto public org.springframework.hateoas.Resources<?> org.springframework.data.rest.webmvc.RepositoryEntityController.getCollectionResource(org.springframework.data.rest.webmvc.RootResourceInformation,org.springframework.data.rest.webmvc.support.DefaultedPageable,org.springframework.data.domain.Sort,org.springframework.data.rest.webmvc.PersistentEntityResourceAssembler) throws org.springframework.data.rest.webmvc.ResourceNotFoundException,org.springframework.web.HttpRequestMethodNotSupportedException
2020-02-24 16:04:54.948 [32m  INFO [mLAPTOP-ILKHOM --- [  restartedMain] o.s.d.r.w.RepositoryRestHandlerMapping   : Mapped "{[/{repository}],methods=[HEAD],produces=[application/hal+json || application/json || application/*+json;charset=UTF-8]}" onto public org.springframework.http.ResponseEntity<?> org.springframework.data.rest.webmvc.RepositoryEntityController.headCollectionResource(org.springframework.data.rest.webmvc.RootResourceInformation,org.springframework.data.rest.webmvc.support.DefaultedPageable) throws org.springframework.web.HttpRequestMethodNotSupportedException
2020-02-24 16:04:54.948 [32m  INFO [mLAPTOP-ILKHOM --- [  restartedMain] o.s.d.r.w.RepositoryRestHandlerMapping   : Mapped "{[/{repository}/{id}],methods=[HEAD],produces=[application/hal+json || application/json || application/*+json;charset=UTF-8]}" onto public org.springframework.http.ResponseEntity<?> org.springframework.data.rest.webmvc.RepositoryEntityController.headForItemResource(org.springframework.data.rest.webmvc.RootResourceInformation,java.io.Serializable,org.springframework.data.rest.webmvc.PersistentEntityResourceAssembler) throws org.springframework.web.HttpRequestMethodNotSupportedException
2020-02-24 16:04:54.949 [32m  INFO [mLAPTOP-ILKHOM --- [  restartedMain] o.s.d.r.w.RepositoryRestHandlerMapping   : Mapped "{[/{repository}],methods=[POST],produces=[application/hal+json || application/json || application/*+json;charset=UTF-8]}" onto public org.springframework.http.ResponseEntity<org.springframework.hateoas.ResourceSupport> org.springframework.data.rest.webmvc.RepositoryEntityController.postCollectionResource(org.springframework.data.rest.webmvc.RootResourceInformation,org.springframework.data.rest.webmvc.PersistentEntityResource,org.springframework.data.rest.webmvc.PersistentEntityResourceAssembler,java.lang.String) throws org.springframework.web.HttpRequestMethodNotSupportedException
2020-02-24 16:04:54.949 [32m  INFO [mLAPTOP-ILKHOM --- [  restartedMain] o.s.d.r.w.RepositoryRestHandlerMapping   : Mapped "{[/{repository}/{id}],methods=[OPTIONS],produces=[application/hal+json || application/json || application/*+json;charset=UTF-8]}" onto public org.springframework.http.ResponseEntity<?> org.springframework.data.rest.webmvc.RepositoryEntityController.optionsForItemResource(org.springframework.data.rest.webmvc.RootResourceInformation)
2020-02-24 16:04:54.950 [32m  INFO [mLAPTOP-ILKHOM --- [  restartedMain] o.s.d.r.w.RepositoryRestHandlerMapping   : Mapped "{[/{repository}/search/{search}],methods=[HEAD],produces=[application/hal+json || application/json || application/*+json;charset=UTF-8]}" onto public org.springframework.http.ResponseEntity<java.lang.Object> org.springframework.data.rest.webmvc.RepositorySearchController.headForSearch(org.springframework.data.rest.webmvc.RootResourceInformation,java.lang.String)
2020-02-24 16:04:54.951 [32m  INFO [mLAPTOP-ILKHOM --- [  restartedMain] o.s.d.r.w.RepositoryRestHandlerMapping   : Mapped "{[/{repository}/search/{search}],methods=[GET],produces=[application/hal+json || application/json || application/*+json;charset=UTF-8]}" onto public org.springframework.http.ResponseEntity<java.lang.Object> org.springframework.data.rest.webmvc.RepositorySearchController.executeSearch(org.springframework.data.rest.webmvc.RootResourceInformation,org.springframework.util.MultiValueMap<java.lang.String, java.lang.Object>,java.lang.String,org.springframework.data.rest.webmvc.support.DefaultedPageable,org.springframework.data.domain.Sort,org.springframework.data.rest.webmvc.PersistentEntityResourceAssembler)
2020-02-24 16:04:54.951 [32m  INFO [mLAPTOP-ILKHOM --- [  restartedMain] o.s.d.r.w.RepositoryRestHandlerMapping   : Mapped "{[/{repository}/search],methods=[GET],produces=[application/hal+json || application/json || application/*+json;charset=UTF-8]}" onto public org.springframework.data.rest.webmvc.RepositorySearchesResource org.springframework.data.rest.webmvc.RepositorySearchController.listSearches(org.springframework.data.rest.webmvc.RootResourceInformation)
2020-02-24 16:04:54.951 [32m  INFO [mLAPTOP-ILKHOM --- [  restartedMain] o.s.d.r.w.RepositoryRestHandlerMapping   : Mapped "{[/{repository}/search/{search}],methods=[OPTIONS],produces=[application/hal+json || application/json || application/*+json;charset=UTF-8]}" onto public org.springframework.http.ResponseEntity<java.lang.Object> org.springframework.data.rest.webmvc.RepositorySearchController.optionsForSearch(org.springframework.data.rest.webmvc.RootResourceInformation,java.lang.String)
2020-02-24 16:04:54.951 [32m  INFO [mLAPTOP-ILKHOM --- [  restartedMain] o.s.d.r.w.RepositoryRestHandlerMapping   : Mapped "{[/{repository}/search],methods=[HEAD],produces=[application/hal+json || application/json || application/*+json;charset=UTF-8]}" onto public org.springframework.http.HttpEntity<?> org.springframework.data.rest.webmvc.RepositorySearchController.headForSearches(org.springframework.data.rest.webmvc.RootResourceInformation)
2020-02-24 16:04:54.951 [32m  INFO [mLAPTOP-ILKHOM --- [  restartedMain] o.s.d.r.w.RepositoryRestHandlerMapping   : Mapped "{[/{repository}/search/{search}],methods=[GET],produces=[application/x-spring-data-compact+json]}" onto public org.springframework.hateoas.ResourceSupport org.springframework.data.rest.webmvc.RepositorySearchController.executeSearchCompact(org.springframework.data.rest.webmvc.RootResourceInformation,org.springframework.util.MultiValueMap<java.lang.String, java.lang.Object>,java.lang.String,java.lang.String,org.springframework.data.rest.webmvc.support.DefaultedPageable,org.springframework.data.domain.Sort,org.springframework.data.rest.webmvc.PersistentEntityResourceAssembler)
2020-02-24 16:04:54.952 [32m  INFO [mLAPTOP-ILKHOM --- [  restartedMain] o.s.d.r.w.RepositoryRestHandlerMapping   : Mapped "{[/{repository}/search],methods=[OPTIONS],produces=[application/hal+json || application/json || application/*+json;charset=UTF-8]}" onto public org.springframework.http.HttpEntity<?> org.springframework.data.rest.webmvc.RepositorySearchController.optionsForSearches(org.springframework.data.rest.webmvc.RootResourceInformation)
2020-02-24 16:04:54.952 [32m  INFO [mLAPTOP-ILKHOM --- [  restartedMain] o.s.d.r.w.RepositoryRestHandlerMapping   : Mapped "{[/ || ],methods=[GET],produces=[application/hal+json || application/json || application/*+json;charset=UTF-8]}" onto public org.springframework.http.HttpEntity<org.springframework.data.rest.webmvc.RepositoryLinksResource> org.springframework.data.rest.webmvc.RepositoryController.listRepositories()
2020-02-24 16:04:54.952 [32m  INFO [mLAPTOP-ILKHOM --- [  restartedMain] o.s.d.r.w.RepositoryRestHandlerMapping   : Mapped "{[/ || ],methods=[HEAD],produces=[application/hal+json || application/json || application/*+json;charset=UTF-8]}" onto public org.springframework.http.ResponseEntity<?> org.springframework.data.rest.webmvc.RepositoryController.headForRepositories()
2020-02-24 16:04:54.953 [32m  INFO [mLAPTOP-ILKHOM --- [  restartedMain] o.s.d.r.w.RepositoryRestHandlerMapping   : Mapped "{[/ || ],methods=[OPTIONS],produces=[application/hal+json || application/json || application/*+json;charset=UTF-8]}" onto public org.springframework.http.HttpEntity<?> org.springframework.data.rest.webmvc.RepositoryController.optionsForRepositories()
2020-02-24 16:04:54.957 [32m  INFO [mLAPTOP-ILKHOM --- [  restartedMain] o.s.d.r.w.BasePathAwareHandlerMapping    : Mapped "{[/profile/{repository}],methods=[GET],produces=[application/schema+json]}" onto public org.springframework.http.HttpEntity<org.springframework.data.rest.webmvc.json.JsonSchema> org.springframework.data.rest.webmvc.RepositorySchemaController.schema(org.springframework.data.rest.webmvc.RootResourceInformation)
2020-02-24 16:04:54.958 [32m  INFO [mLAPTOP-ILKHOM --- [  restartedMain] o.s.d.r.w.BasePathAwareHandlerMapping    : Mapped "{[/profile],methods=[OPTIONS]}" onto public org.springframework.http.HttpEntity<?> org.springframework.data.rest.webmvc.ProfileController.profileOptions()
2020-02-24 16:04:54.958 [32m  INFO [mLAPTOP-ILKHOM --- [  restartedMain] o.s.d.r.w.BasePathAwareHandlerMapping    : Mapped "{[/profile],methods=[GET]}" onto org.springframework.http.HttpEntity<org.springframework.hateoas.ResourceSupport> org.springframework.data.rest.webmvc.ProfileController.listAllFormsOfMetadata()
2020-02-24 16:04:54.958 [32m  INFO [mLAPTOP-ILKHOM --- [  restartedMain] o.s.d.r.w.BasePathAwareHandlerMapping    : Mapped "{[/profile/{repository}],methods=[OPTIONS],produces=[application/alps+json]}" onto org.springframework.http.HttpEntity<?> org.springframework.data.rest.webmvc.alps.AlpsController.alpsOptions()
2020-02-24 16:04:54.958 [32m  INFO [mLAPTOP-ILKHOM --- [  restartedMain] o.s.d.r.w.BasePathAwareHandlerMapping    : Mapped "{[/profile/{repository}],methods=[GET],produces=[application/alps+json || */*]}" onto org.springframework.http.HttpEntity<org.springframework.data.rest.webmvc.RootResourceInformation> org.springframework.data.rest.webmvc.alps.AlpsController.descriptor(org.springframework.data.rest.webmvc.RootResourceInformation)
2020-02-24 16:04:54.977 [32m  INFO [mLAPTOP-ILKHOM --- [  restartedMain] .m.m.a.ExceptionHandlerExceptionResolver : Detected @ExceptionHandler methods in repositoryRestExceptionHandler
2020-02-24 16:04:55.280 [32m  INFO [mLAPTOP-ILKHOM --- [  restartedMain] o.s.b.f.c.PropertiesFactoryBean          : Loading properties file from URL [jar:file:/D:/web/maven/repository/org/springframework/integration/spring-integration-core/4.2.9.RELEASE/spring-integration-core-4.2.9.RELEASE.jar!/META-INF/spring.integration.default.properties]
2020-02-24 16:04:55.306 [32m  INFO [mLAPTOP-ILKHOM --- [  restartedMain] o.s.s.c.ThreadPoolTaskScheduler          : Initializing ExecutorService  'taskScheduler'
2020-02-24 16:04:56.121 [32m  INFO [mLAPTOP-ILKHOM --- [  restartedMain] o.s.b.d.a.OptionalLiveReloadServer       : LiveReload server is running on port 35729
2020-02-24 16:04:56.387 [32m  INFO [mLAPTOP-ILKHOM --- [  restartedMain] o.s.j.e.a.AnnotationMBeanExporter        : Registering beans for JMX exposure on startup
2020-02-24 16:04:56.417 [32m  INFO [mLAPTOP-ILKHOM --- [  restartedMain] o.s.c.s.DefaultLifecycleProcessor        : Starting beans in phase 0
2020-02-24 16:04:56.417 [32m  INFO [mLAPTOP-ILKHOM --- [  restartedMain] o.s.i.e.EventDrivenConsumer              : Adding {logging-channel-adapter:_org.springframework.integration.errorLogger} as a subscriber to the 'errorChannel' channel
2020-02-24 16:04:56.418 [32m  INFO [mLAPTOP-ILKHOM --- [  restartedMain] o.s.i.c.PublishSubscribeChannel          : Channel 'application:8080.errorChannel' has 1 subscriber(s).
2020-02-24 16:04:56.418 [32m  INFO [mLAPTOP-ILKHOM --- [  restartedMain] o.s.i.e.EventDrivenConsumer              : started _org.springframework.integration.errorLogger
2020-02-24 16:04:56.437 [32m  INFO [mLAPTOP-ILKHOM --- [  restartedMain] o.a.c.h.Http11NioProtocol                : Initializing ProtocolHandler ["http-nio-8080"]
2020-02-24 16:04:56.442 [32m  INFO [mLAPTOP-ILKHOM --- [  restartedMain] o.a.c.h.Http11NioProtocol                : Starting ProtocolHandler ["http-nio-8080"]
2020-02-24 16:04:56.446 [31m ERROR [mLAPTOP-ILKHOM --- [  restartedMain] o.a.c.h.Http11NioProtocol                : Failed to start end point associated with ProtocolHandler ["http-nio-8080"]
java.net.BindException: Address already in use: bind
	at sun.nio.ch.Net.bind0(Native Method)
	at sun.nio.ch.Net.bind(Net.java:433)
	at sun.nio.ch.Net.bind(Net.java:425)
	at sun.nio.ch.ServerSocketChannelImpl.bind(ServerSocketChannelImpl.java:223)
	at sun.nio.ch.ServerSocketAdaptor.bind(ServerSocketAdaptor.java:74)
	at org.apache.tomcat.util.net.NioEndpoint.bind(NioEndpoint.java:351)
	at org.apache.tomcat.util.net.AbstractEndpoint.start(AbstractEndpoint.java:763)
	at org.apache.coyote.AbstractProtocol.start(AbstractProtocol.java:491)
	at org.apache.catalina.connector.Connector.startInternal(Connector.java:986)
	at org.apache.catalina.util.LifecycleBase.start(LifecycleBase.java:145)
	at org.apache.catalina.core.StandardService.addConnector(StandardService.java:239)
	at org.springframework.boot.context.embedded.tomcat.TomcatEmbeddedServletContainer.addPreviouslyRemovedConnectors(TomcatEmbeddedServletContainer.java:194)
	at org.springframework.boot.context.embedded.tomcat.TomcatEmbeddedServletContainer.start(TomcatEmbeddedServletContainer.java:151)
	at org.springframework.boot.context.embedded.EmbeddedWebApplicationContext.startEmbeddedServletContainer(EmbeddedWebApplicationContext.java:293)
	at org.springframework.boot.context.embedded.EmbeddedWebApplicationContext.finishRefresh(EmbeddedWebApplicationContext.java:141)
	at org.springframework.context.support.AbstractApplicationContext.refresh(AbstractApplicationContext.java:541)
	at org.springframework.boot.context.embedded.EmbeddedWebApplicationContext.refresh(EmbeddedWebApplicationContext.java:118)
	at org.springframework.boot.SpringApplication.refresh(SpringApplication.java:760)
	at org.springframework.boot.SpringApplication.createAndRefreshContext(SpringApplication.java:360)
	at org.springframework.boot.SpringApplication.run(SpringApplication.java:306)
	at org.springframework.boot.SpringApplication.run(SpringApplication.java:1185)
	at org.springframework.boot.SpringApplication.run(SpringApplication.java:1174)
	at ttpu.qabulxona.QabulxonaApplication.main(QabulxonaApplication.java:14)
	at sun.reflect.NativeMethodAccessorImpl.invoke0(Native Method)
	at sun.reflect.NativeMethodAccessorImpl.invoke(NativeMethodAccessorImpl.java:62)
	at sun.reflect.DelegatingMethodAccessorImpl.invoke(DelegatingMethodAccessorImpl.java:43)
	at java.lang.reflect.Method.invoke(Method.java:498)
	at org.springframework.boot.devtools.restart.RestartLauncher.run(RestartLauncher.java:49)
2020-02-24 16:04:56.446 [31m ERROR [mLAPTOP-ILKHOM --- [  restartedMain] o.a.c.h.Http11NioProtocol                : Failed to start end point associated with ProtocolHandler ["http-nio-8080"]
java.net.BindException: Address already in use: bind
	at sun.nio.ch.Net.bind0(Native Method)
	at sun.nio.ch.Net.bind(Net.java:433)
	at sun.nio.ch.Net.bind(Net.java:425)
	at sun.nio.ch.ServerSocketChannelImpl.bind(ServerSocketChannelImpl.java:223)
	at sun.nio.ch.ServerSocketAdaptor.bind(ServerSocketAdaptor.java:74)
	at org.apache.tomcat.util.net.NioEndpoint.bind(NioEndpoint.java:351)
	at org.apache.tomcat.util.net.AbstractEndpoint.start(AbstractEndpoint.java:763)
	at org.apache.coyote.AbstractProtocol.start(AbstractProtocol.java:491)
	at org.apache.catalina.connector.Connector.startInternal(Connector.java:986)
	at org.apache.catalina.util.LifecycleBase.start(LifecycleBase.java:145)
	at org.apache.catalina.core.StandardService.addConnector(StandardService.java:239)
	at org.springframework.boot.context.embedded.tomcat.TomcatEmbeddedServletContainer.addPreviouslyRemovedConnectors(TomcatEmbeddedServletContainer.java:194)
	at org.springframework.boot.context.embedded.tomcat.TomcatEmbeddedServletContainer.start(TomcatEmbeddedServletContainer.java:151)
	at org.springframework.boot.context.embedded.EmbeddedWebApplicationContext.startEmbeddedServletContainer(EmbeddedWebApplicationContext.java:293)
	at org.springframework.boot.context.embedded.EmbeddedWebApplicationContext.finishRefresh(EmbeddedWebApplicationContext.java:141)
	at org.springframework.context.support.AbstractApplicationContext.refresh(AbstractApplicationContext.java:541)
	at org.springframework.boot.context.embedded.EmbeddedWebApplicationContext.refresh(EmbeddedWebApplicationContext.java:118)
	at org.springframework.boot.SpringApplication.refresh(SpringApplication.java:760)
	at org.springframework.boot.SpringApplication.createAndRefreshContext(SpringApplication.java:360)
	at org.springframework.boot.SpringApplication.run(SpringApplication.java:306)
	at org.springframework.boot.SpringApplication.run(SpringApplication.java:1185)
	at org.springframework.boot.SpringApplication.run(SpringApplication.java:1174)
	at ttpu.qabulxona.QabulxonaApplication.main(QabulxonaApplication.java:14)
	at sun.reflect.NativeMethodAccessorImpl.invoke0(Native Method)
	at sun.reflect.NativeMethodAccessorImpl.invoke(NativeMethodAccessorImpl.java:62)
	at sun.reflect.DelegatingMethodAccessorImpl.invoke(DelegatingMethodAccessorImpl.java:43)
	at java.lang.reflect.Method.invoke(Method.java:498)
	at org.springframework.boot.devtools.restart.RestartLauncher.run(RestartLauncher.java:49)
2020-02-24 16:04:56.449 [31m ERROR [mLAPTOP-ILKHOM --- [  restartedMain] o.a.c.c.StandardService                  : Failed to start connector [Connector[HTTP/1.1-8080]]
org.apache.catalina.LifecycleException: Failed to start component [Connector[HTTP/1.1-8080]]
	at org.apache.catalina.util.LifecycleBase.start(LifecycleBase.java:162)
	at org.apache.catalina.core.StandardService.addConnector(StandardService.java:239)
	at org.springframework.boot.context.embedded.tomcat.TomcatEmbeddedServletContainer.addPreviouslyRemovedConnectors(TomcatEmbeddedServletContainer.java:194)
	at org.springframework.boot.context.embedded.tomcat.TomcatEmbeddedServletContainer.start(TomcatEmbeddedServletContainer.java:151)
	at org.springframework.boot.context.embedded.EmbeddedWebApplicationContext.startEmbeddedServletContainer(EmbeddedWebApplicationContext.java:293)
	at org.springframework.boot.context.embedded.EmbeddedWebApplicationContext.finishRefresh(EmbeddedWebApplicationContext.java:141)
	at org.springframework.context.support.AbstractApplicationContext.refresh(AbstractApplicationContext.java:541)
	at org.springframework.boot.context.embedded.EmbeddedWebApplicationContext.refresh(EmbeddedWebApplicationContext.java:118)
	at org.springframework.boot.SpringApplication.refresh(SpringApplication.java:760)
	at org.springframework.boot.SpringApplication.createAndRefreshContext(SpringApplication.java:360)
	at org.springframework.boot.SpringApplication.run(SpringApplication.java:306)
	at org.springframework.boot.SpringApplication.run(SpringApplication.java:1185)
	at org.springframework.boot.SpringApplication.run(SpringApplication.java:1174)
	at ttpu.qabulxona.QabulxonaApplication.main(QabulxonaApplication.java:14)
	at sun.reflect.NativeMethodAccessorImpl.invoke0(Native Method)
	at sun.reflect.NativeMethodAccessorImpl.invoke(NativeMethodAccessorImpl.java:62)
	at sun.reflect.DelegatingMethodAccessorImpl.invoke(DelegatingMethodAccessorImpl.java:43)
	at java.lang.reflect.Method.invoke(Method.java:498)
	at org.springframework.boot.devtools.restart.RestartLauncher.run(RestartLauncher.java:49)
Caused by: org.apache.catalina.LifecycleException: service.getName(): "Tomcat";  Protocol handler start failed
	at org.apache.catalina.connector.Connector.startInternal(Connector.java:993)
	at org.apache.catalina.util.LifecycleBase.start(LifecycleBase.java:145)
	... 18 more
Caused by: java.net.BindException: Address already in use: bind
	at sun.nio.ch.Net.bind0(Native Method)
	at sun.nio.ch.Net.bind(Net.java:433)
	at sun.nio.ch.Net.bind(Net.java:425)
	at sun.nio.ch.ServerSocketChannelImpl.bind(ServerSocketChannelImpl.java:223)
	at sun.nio.ch.ServerSocketAdaptor.bind(ServerSocketAdaptor.java:74)
	at org.apache.tomcat.util.net.NioEndpoint.bind(NioEndpoint.java:351)
	at org.apache.tomcat.util.net.AbstractEndpoint.start(AbstractEndpoint.java:763)
	at org.apache.coyote.AbstractProtocol.start(AbstractProtocol.java:491)
	at org.apache.catalina.connector.Connector.startInternal(Connector.java:986)
	... 19 more
2020-02-24 16:04:56.449 [31m ERROR [mLAPTOP-ILKHOM --- [  restartedMain] o.a.c.c.StandardService                  : Failed to start connector [Connector[HTTP/1.1-8080]]
org.apache.catalina.LifecycleException: Failed to start component [Connector[HTTP/1.1-8080]]
	at org.apache.catalina.util.LifecycleBase.start(LifecycleBase.java:162)
	at org.apache.catalina.core.StandardService.addConnector(StandardService.java:239)
	at org.springframework.boot.context.embedded.tomcat.TomcatEmbeddedServletContainer.addPreviouslyRemovedConnectors(TomcatEmbeddedServletContainer.java:194)
	at org.springframework.boot.context.embedded.tomcat.TomcatEmbeddedServletContainer.start(TomcatEmbeddedServletContainer.java:151)
	at org.springframework.boot.context.embedded.EmbeddedWebApplicationContext.startEmbeddedServletContainer(EmbeddedWebApplicationContext.java:293)
	at org.springframework.boot.context.embedded.EmbeddedWebApplicationContext.finishRefresh(EmbeddedWebApplicationContext.java:141)
	at org.springframework.context.support.AbstractApplicationContext.refresh(AbstractApplicationContext.java:541)
	at org.springframework.boot.context.embedded.EmbeddedWebApplicationContext.refresh(EmbeddedWebApplicationContext.java:118)
	at org.springframework.boot.SpringApplication.refresh(SpringApplication.java:760)
	at org.springframework.boot.SpringApplication.createAndRefreshContext(SpringApplication.java:360)
	at org.springframework.boot.SpringApplication.run(SpringApplication.java:306)
	at org.springframework.boot.SpringApplication.run(SpringApplication.java:1185)
	at org.springframework.boot.SpringApplication.run(SpringApplication.java:1174)
	at ttpu.qabulxona.QabulxonaApplication.main(QabulxonaApplication.java:14)
	at sun.reflect.NativeMethodAccessorImpl.invoke0(Native Method)
	at sun.reflect.NativeMethodAccessorImpl.invoke(NativeMethodAccessorImpl.java:62)
	at sun.reflect.DelegatingMethodAccessorImpl.invoke(DelegatingMethodAccessorImpl.java:43)
	at java.lang.reflect.Method.invoke(Method.java:498)
	at org.springframework.boot.devtools.restart.RestartLauncher.run(RestartLauncher.java:49)
Caused by: org.apache.catalina.LifecycleException: service.getName(): "Tomcat";  Protocol handler start failed
	at org.apache.catalina.connector.Connector.startInternal(Connector.java:993)
	at org.apache.catalina.util.LifecycleBase.start(LifecycleBase.java:145)
	... 18 more
Caused by: java.net.BindException: Address already in use: bind
	at sun.nio.ch.Net.bind0(Native Method)
	at sun.nio.ch.Net.bind(Net.java:433)
	at sun.nio.ch.Net.bind(Net.java:425)
	at sun.nio.ch.ServerSocketChannelImpl.bind(ServerSocketChannelImpl.java:223)
	at sun.nio.ch.ServerSocketAdaptor.bind(ServerSocketAdaptor.java:74)
	at org.apache.tomcat.util.net.NioEndpoint.bind(NioEndpoint.java:351)
	at org.apache.tomcat.util.net.AbstractEndpoint.start(AbstractEndpoint.java:763)
	at org.apache.coyote.AbstractProtocol.start(AbstractProtocol.java:491)
	at org.apache.catalina.connector.Connector.startInternal(Connector.java:986)
	... 19 more
2020-02-24 16:04:56.455 [32m  INFO [mLAPTOP-ILKHOM --- [  restartedMain] o.a.c.h.Http11NioProtocol                : Pausing ProtocolHandler ["http-nio-8080"]
2020-02-24 16:04:56.455 [32m  INFO [mLAPTOP-ILKHOM --- [  restartedMain] o.a.c.c.StandardService                  : Stopping service Tomcat
2020-02-24 16:04:56.463 [32m  INFO [mLAPTOP-ILKHOM --- [  restartedMain] o.a.c.u.LifecycleBase                    : The stop() method was called on component [StandardServer[-1]] after stop() had already been called. The second call will be ignored.
2020-02-24 16:04:56.463 [32m  INFO [mLAPTOP-ILKHOM --- [  restartedMain] o.a.c.h.Http11NioProtocol                : Stopping ProtocolHandler ["http-nio-8080"]
2020-02-24 16:04:56.463 [32m  INFO [mLAPTOP-ILKHOM --- [  restartedMain] o.a.c.h.Http11NioProtocol                : Destroying ProtocolHandler ["http-nio-8080"]
2020-02-24 16:04:56.466 [31m ERROR [mLAPTOP-ILKHOM --- [  restartedMain] o.s.b.SpringApplication                  : Application startup failed
org.springframework.boot.context.embedded.EmbeddedServletContainerException: Unable to start embedded Tomcat servlet container
	at org.springframework.boot.context.embedded.tomcat.TomcatEmbeddedServletContainer.start(TomcatEmbeddedServletContainer.java:165)
	at org.springframework.boot.context.embedded.EmbeddedWebApplicationContext.startEmbeddedServletContainer(EmbeddedWebApplicationContext.java:293)
	at org.springframework.boot.context.embedded.EmbeddedWebApplicationContext.finishRefresh(EmbeddedWebApplicationContext.java:141)
	at org.springframework.context.support.AbstractApplicationContext.refresh(AbstractApplicationContext.java:541)
	at org.springframework.boot.context.embedded.EmbeddedWebApplicationContext.refresh(EmbeddedWebApplicationContext.java:118)
	at org.springframework.boot.SpringApplication.refresh(SpringApplication.java:760)
	at org.springframework.boot.SpringApplication.createAndRefreshContext(SpringApplication.java:360)
	at org.springframework.boot.SpringApplication.run(SpringApplication.java:306)
	at org.springframework.boot.SpringApplication.run(SpringApplication.java:1185)
	at org.springframework.boot.SpringApplication.run(SpringApplication.java:1174)
	at ttpu.qabulxona.QabulxonaApplication.main(QabulxonaApplication.java:14)
	at sun.reflect.NativeMethodAccessorImpl.invoke0(Native Method)
	at sun.reflect.NativeMethodAccessorImpl.invoke(NativeMethodAccessorImpl.java:62)
	at sun.reflect.DelegatingMethodAccessorImpl.invoke(DelegatingMethodAccessorImpl.java:43)
	at java.lang.reflect.Method.invoke(Method.java:498)
	at org.springframework.boot.devtools.restart.RestartLauncher.run(RestartLauncher.java:49)
Caused by: java.lang.IllegalStateException: Tomcat connector in failed state
	at org.springframework.boot.context.embedded.tomcat.TomcatEmbeddedServletContainer.start(TomcatEmbeddedServletContainer.java:159)
	... 15 more
2020-02-24 16:04:56.466 [31m ERROR [mLAPTOP-ILKHOM --- [  restartedMain] o.s.b.SpringApplication                  : Application startup failed
org.springframework.boot.context.embedded.EmbeddedServletContainerException: Unable to start embedded Tomcat servlet container
	at org.springframework.boot.context.embedded.tomcat.TomcatEmbeddedServletContainer.start(TomcatEmbeddedServletContainer.java:165)
	at org.springframework.boot.context.embedded.EmbeddedWebApplicationContext.startEmbeddedServletContainer(EmbeddedWebApplicationContext.java:293)
	at org.springframework.boot.context.embedded.EmbeddedWebApplicationContext.finishRefresh(EmbeddedWebApplicationContext.java:141)
	at org.springframework.context.support.AbstractApplicationContext.refresh(AbstractApplicationContext.java:541)
	at org.springframework.boot.context.embedded.EmbeddedWebApplicationContext.refresh(EmbeddedWebApplicationContext.java:118)
	at org.springframework.boot.SpringApplication.refresh(SpringApplication.java:760)
	at org.springframework.boot.SpringApplication.createAndRefreshContext(SpringApplication.java:360)
	at org.springframework.boot.SpringApplication.run(SpringApplication.java:306)
	at org.springframework.boot.SpringApplication.run(SpringApplication.java:1185)
	at org.springframework.boot.SpringApplication.run(SpringApplication.java:1174)
	at ttpu.qabulxona.QabulxonaApplication.main(QabulxonaApplication.java:14)
	at sun.reflect.NativeMethodAccessorImpl.invoke0(Native Method)
	at sun.reflect.NativeMethodAccessorImpl.invoke(NativeMethodAccessorImpl.java:62)
	at sun.reflect.DelegatingMethodAccessorImpl.invoke(DelegatingMethodAccessorImpl.java:43)
	at java.lang.reflect.Method.invoke(Method.java:498)
	at org.springframework.boot.devtools.restart.RestartLauncher.run(RestartLauncher.java:49)
Caused by: java.lang.IllegalStateException: Tomcat connector in failed state
	at org.springframework.boot.context.embedded.tomcat.TomcatEmbeddedServletContainer.start(TomcatEmbeddedServletContainer.java:159)
	... 15 more
2020-02-24 16:04:56.468 [32m  INFO [mLAPTOP-ILKHOM --- [  restartedMain] .b.l.ClasspathLoggingApplicationListener : Application failed to start with classpath: [file:/C:/MINE/ish/turin/test/from%20shokir6/admin/qabulxona/target/classes/]
