2020-02-03 18:33:35.227 [32m  INFO [mLAPTOP-ILKHOM --- [  restartedMain] t.q.QabulxonaApplication                 : Starting QabulxonaApplication on LAPTOP-ILKHOM with PID 10972 (started by ilhom in C:\MINE\ish\turin\test\from shokir6\admin\qabulxona)
2020-02-03 18:33:35.234 [32m  INFO [mLAPTOP-ILKHOM --- [  restartedMain] t.q.QabulxonaApplication                 : No active profile set, falling back to default profiles: default
2020-02-03 18:33:35.497 [32m  INFO [mLAPTOP-ILKHOM --- [  restartedMain] ationConfigEmbeddedWebApplicationContext : Refreshing org.springframework.boot.context.embedded.AnnotationConfigEmbeddedWebApplicationContext@3aa4a8: startup date [Mon Feb 03 18:33:35 UZT 2020]; root of context hierarchy
2020-02-03 18:33:35.538 [32m  INFO [mLAPTOP-ILKHOM --- [kground-preinit] o.h.v.i.u.Version                        : HV000001: Hibernate Validator 5.2.4.Final
2020-02-03 18:33:37.229 [32m  INFO [mLAPTOP-ILKHOM --- [  restartedMain] o.s.b.f.c.PropertiesFactoryBean          : Loading properties file from URL [jar:file:/D:/web/maven/repository/org/springframework/integration/spring-integration-core/4.2.9.RELEASE/spring-integration-core-4.2.9.RELEASE.jar!/META-INF/spring.integration.default.properties]
2020-02-03 18:33:37.231 [32m  INFO [mLAPTOP-ILKHOM --- [  restartedMain] o.s.i.c.IntegrationRegistrar             : No bean named 'integrationHeaderChannelRegistry' has been explicitly defined. Therefore, a default DefaultHeaderChannelRegistry will be created.
2020-02-03 18:33:37.493 [32m  INFO [mLAPTOP-ILKHOM --- [  restartedMain] faultConfiguringBeanFactoryPostProcessor : No bean named 'errorChannel' has been explicitly defined. Therefore, a default PublishSubscribeChannel will be created.
2020-02-03 18:33:37.498 [32m  INFO [mLAPTOP-ILKHOM --- [  restartedMain] faultConfiguringBeanFactoryPostProcessor : No bean named 'taskScheduler' has been explicitly defined. Therefore, a default ThreadPoolTaskScheduler will be created.
2020-02-03 18:33:37.603 [32m  INFO [mLAPTOP-ILKHOM --- [  restartedMain] trationDelegate$BeanPostProcessorChecker : Bean 'org.springframework.transaction.annotation.ProxyTransactionManagementConfiguration' of type [class org.springframework.transaction.annotation.ProxyTransactionManagementConfiguration$$EnhancerBySpringCGLIB$$6e0303cd] is not eligible for getting processed by all BeanPostProcessors (for example: not eligible for auto-proxying)
2020-02-03 18:33:38.100 [32m  INFO [mLAPTOP-ILKHOM --- [  restartedMain] s.b.c.e.t.TomcatEmbeddedServletContainer : Tomcat initialized with port(s): 8085 (http)
2020-02-03 18:33:38.108 [32m  INFO [mLAPTOP-ILKHOM --- [  restartedMain] o.a.c.c.StandardService                  : Starting service Tomcat
2020-02-03 18:33:38.109 [32m  INFO [mLAPTOP-ILKHOM --- [  restartedMain] o.a.c.c.StandardEngine                   : Starting Servlet Engine: Apache Tomcat/8.0.37
2020-02-03 18:33:38.194 [32m  INFO [mLAPTOP-ILKHOM --- [ost-startStop-1] o.a.c.c.C.[.[.[/]                        : Initializing Spring embedded WebApplicationContext
2020-02-03 18:33:38.194 [32m  INFO [mLAPTOP-ILKHOM --- [ost-startStop-1] o.s.w.c.ContextLoader                    : Root WebApplicationContext: initialization completed in 2700 ms
2020-02-03 18:33:38.321 [32m  INFO [mLAPTOP-ILKHOM --- [ost-startStop-1] o.s.b.c.e.FilterRegistrationBean         : Mapping filter: 'characterEncodingFilter' to: [/*]
2020-02-03 18:33:38.322 [32m  INFO [mLAPTOP-ILKHOM --- [ost-startStop-1] .e.DelegatingFilterProxyRegistrationBean : Mapping filter: 'springSecurityFilterChain' to: [/*]
2020-02-03 18:33:38.322 [32m  INFO [mLAPTOP-ILKHOM --- [ost-startStop-1] o.s.b.c.e.ServletRegistrationBean        : Mapping servlet: 'dispatcherServlet' to [/]
2020-02-03 18:33:38.615 [32m  INFO [mLAPTOP-ILKHOM --- [ost-startStop-1] j.LocalContainerEntityManagerFactoryBean : Building JPA container EntityManagerFactory for persistence unit 'default'
2020-02-03 18:33:38.623 [32m  INFO [mLAPTOP-ILKHOM --- [ost-startStop-1] o.h.j.i.u.LogHelper                      : HHH000204: Processing PersistenceUnitInfo [
	name: default
	...]
2020-02-03 18:33:38.681 [32m  INFO [mLAPTOP-ILKHOM --- [ost-startStop-1] o.h.Version                              : HHH000412: Hibernate Core {4.3.11.Final}
2020-02-03 18:33:38.683 [32m  INFO [mLAPTOP-ILKHOM --- [ost-startStop-1] o.h.c.Environment                        : HHH000206: hibernate.properties not found
2020-02-03 18:33:38.688 [32m  INFO [mLAPTOP-ILKHOM --- [ost-startStop-1] o.h.c.Environment                        : HHH000021: Bytecode provider name : javassist
2020-02-03 18:33:39.539 [32m  INFO [mLAPTOP-ILKHOM --- [ost-startStop-1] o.h.a.c.Version                          : HCANN000001: Hibernate Commons Annotations {4.0.5.Final}
2020-02-03 18:33:39.767 [32m  INFO [mLAPTOP-ILKHOM --- [ost-startStop-1] o.h.d.Dialect                            : HHH000400: Using dialect: org.hibernate.dialect.MySQL5Dialect
2020-02-03 18:33:39.902 [32m  INFO [mLAPTOP-ILKHOM --- [ost-startStop-1] o.h.h.i.a.ASTQueryTranslatorFactory      : HHH000397: Using ASTQueryTranslatorFactory
2020-02-03 18:33:40.170 [32m  INFO [mLAPTOP-ILKHOM --- [ost-startStop-1] o.h.t.h.SchemaUpdate                     : HHH000228: Running hbm2ddl schema update
2020-02-03 18:33:40.170 [32m  INFO [mLAPTOP-ILKHOM --- [ost-startStop-1] o.h.t.h.SchemaUpdate                     : HHH000102: Fetching database metadata
2020-02-03 18:33:40.171 [32m  INFO [mLAPTOP-ILKHOM --- [ost-startStop-1] o.h.t.h.SchemaUpdate                     : HHH000396: Updating schema
2020-02-03 18:33:40.210 [32m  INFO [mLAPTOP-ILKHOM --- [ost-startStop-1] o.h.t.h.TableMetadata                    : HHH000261: Table found: qabulxona.admin_user
2020-02-03 18:33:40.210 [32m  INFO [mLAPTOP-ILKHOM --- [ost-startStop-1] o.h.t.h.TableMetadata                    : HHH000037: Columns: [password, surname, name, phone_number, id, registered_date, enabled, username]
2020-02-03 18:33:40.210 [32m  INFO [mLAPTOP-ILKHOM --- [ost-startStop-1] o.h.t.h.TableMetadata                    : HHH000108: Foreign keys: []
2020-02-03 18:33:40.210 [32m  INFO [mLAPTOP-ILKHOM --- [ost-startStop-1] o.h.t.h.TableMetadata                    : HHH000126: Indexes: [primary]
2020-02-03 18:33:40.234 [32m  INFO [mLAPTOP-ILKHOM --- [ost-startStop-1] o.h.t.h.TableMetadata                    : HHH000261: Table found: qabulxona.admin_user_role
2020-02-03 18:33:40.234 [32m  INFO [mLAPTOP-ILKHOM --- [ost-startStop-1] o.h.t.h.TableMetadata                    : HHH000037: Columns: [role, user_id, id, version, enabled]
2020-02-03 18:33:40.234 [32m  INFO [mLAPTOP-ILKHOM --- [ost-startStop-1] o.h.t.h.TableMetadata                    : HHH000108: Foreign keys: [fk_9si3yvpr3ccw8xo5yij8ovovw]
2020-02-03 18:33:40.234 [32m  INFO [mLAPTOP-ILKHOM --- [ost-startStop-1] o.h.t.h.TableMetadata                    : HHH000126: Indexes: [fk_9si3yvpr3ccw8xo5yij8ovovw, primary]
2020-02-03 18:33:40.246 [32m  INFO [mLAPTOP-ILKHOM --- [ost-startStop-1] o.h.t.h.TableMetadata                    : HHH000261: Table found: qabulxona.appael
2020-02-03 18:33:40.246 [32m  INFO [mLAPTOP-ILKHOM --- [ost-startStop-1] o.h.t.h.TableMetadata                    : HHH000037: Columns: [appeal_type, appeal_text, date_created, surname, name, student_id, filenames, phone_number, id, student_email]
2020-02-03 18:33:40.247 [32m  INFO [mLAPTOP-ILKHOM --- [ost-startStop-1] o.h.t.h.TableMetadata                    : HHH000108: Foreign keys: []
2020-02-03 18:33:40.247 [32m  INFO [mLAPTOP-ILKHOM --- [ost-startStop-1] o.h.t.h.TableMetadata                    : HHH000126: Indexes: [primary]
2020-02-03 18:33:40.266 [32m  INFO [mLAPTOP-ILKHOM --- [ost-startStop-1] o.h.t.h.TableMetadata                    : HHH000261: Table found: qabulxona.user_and_admin
2020-02-03 18:33:40.266 [32m  INFO [mLAPTOP-ILKHOM --- [ost-startStop-1] o.h.t.h.TableMetadata                    : HHH000037: Columns: [store_id, admin_user_id, id, region_code]
2020-02-03 18:33:40.266 [32m  INFO [mLAPTOP-ILKHOM --- [ost-startStop-1] o.h.t.h.TableMetadata                    : HHH000108: Foreign keys: [fk_falfo62oo2mcnf3ojfc69t3jh]
2020-02-03 18:33:40.266 [32m  INFO [mLAPTOP-ILKHOM --- [ost-startStop-1] o.h.t.h.TableMetadata                    : HHH000126: Indexes: [fk_falfo62oo2mcnf3ojfc69t3jh, primary]
2020-02-03 18:33:40.267 [32m  INFO [mLAPTOP-ILKHOM --- [ost-startStop-1] o.h.t.h.SchemaUpdate                     : HHH000232: Schema update complete
2020-02-03 18:33:41.053 [32m  INFO [mLAPTOP-ILKHOM --- [ost-startStop-1] o.s.s.w.DefaultSecurityFilterChain       : Creating filter chain: org.springframework.security.web.util.matcher.AnyRequestMatcher@1, [org.springframework.security.web.context.request.async.WebAsyncManagerIntegrationFilter@1c0ad43, org.springframework.security.web.context.SecurityContextPersistenceFilter@1864877, org.springframework.security.web.header.HeaderWriterFilter@1993c91, org.springframework.security.web.csrf.CsrfFilter@1f556d8, org.springframework.security.web.authentication.logout.LogoutFilter@89d74d, org.springframework.security.web.savedrequest.RequestCacheAwareFilter@dc84a7, org.springframework.security.web.servletapi.SecurityContextHolderAwareRequestFilter@7e9489, org.springframework.security.web.authentication.AnonymousAuthenticationFilter@1bd563b, org.springframework.security.web.session.SessionManagementFilter@129a576, org.springframework.security.web.access.ExceptionTranslationFilter@a87746, org.springframework.security.web.access.intercept.FilterSecurityInterceptor@3d6d7a]
2020-02-03 18:33:41.271 [32m  INFO [mLAPTOP-ILKHOM --- [  restartedMain] o.s.b.f.c.PropertiesFactoryBean          : Loading properties file from class path resource [rest-default-messages.properties]
2020-02-03 18:33:41.469 [32m  INFO [mLAPTOP-ILKHOM --- [  restartedMain] s.w.s.m.m.a.RequestMappingHandlerMapping : Mapped "{[/cmn/admin/users]}" onto public java.lang.String ttpu.qabulxona.controller.AdminUsersController.getBankUsersPage(org.springframework.ui.Model)
2020-02-03 18:33:41.477 [32m  INFO [mLAPTOP-ILKHOM --- [  restartedMain] s.w.s.m.m.a.RequestMappingHandlerMapping : Mapped "{[/cmn/banks/users/save],methods=[POST]}" onto public java.lang.String ttpu.qabulxona.controller.AdminUsersController.submitUser(ttpu.qabulxona.entity.AdminUser,java.lang.Integer[])
2020-02-03 18:33:41.478 [32m  INFO [mLAPTOP-ILKHOM --- [  restartedMain] s.w.s.m.m.a.RequestMappingHandlerMapping : Mapped "{[/cmn/admin/users/form]}" onto public java.lang.String ttpu.qabulxona.controller.AdminUsersController.getUserForm(org.springframework.ui.Model,java.lang.Integer)
2020-02-03 18:33:41.478 [32m  INFO [mLAPTOP-ILKHOM --- [  restartedMain] s.w.s.m.m.a.RequestMappingHandlerMapping : Mapped "{[/]}" onto public java.lang.String ttpu.qabulxona.controller.ListController.get()
2020-02-03 18:33:41.478 [32m  INFO [mLAPTOP-ILKHOM --- [  restartedMain] s.w.s.m.m.a.RequestMappingHandlerMapping : Mapped "{[/appeals/ajax_list]}" onto public java.util.HashMap<java.lang.String, java.lang.Object> ttpu.qabulxona.controller.ListController.getUsersAsJSON()
2020-02-03 18:33:41.479 [32m  INFO [mLAPTOP-ILKHOM --- [  restartedMain] s.w.s.m.m.a.RequestMappingHandlerMapping : Mapped "{[/appeals/details],methods=[GET],produces=[application/json]}" onto public java.util.Map<java.lang.String, java.lang.Object> ttpu.qabulxona.controller.ListController.showModal(java.lang.Integer)
2020-02-03 18:33:41.482 [32m  INFO [mLAPTOP-ILKHOM --- [  restartedMain] s.w.s.m.m.a.RequestMappingHandlerMapping : Mapped "{[/error]}" onto public org.springframework.http.ResponseEntity<java.util.Map<java.lang.String, java.lang.Object>> org.springframework.boot.autoconfigure.web.BasicErrorController.error(javax.servlet.http.HttpServletRequest)
2020-02-03 18:33:41.482 [32m  INFO [mLAPTOP-ILKHOM --- [  restartedMain] s.w.s.m.m.a.RequestMappingHandlerMapping : Mapped "{[/error],produces=[text/html]}" onto public org.springframework.web.servlet.ModelAndView org.springframework.boot.autoconfigure.web.BasicErrorController.errorHtml(javax.servlet.http.HttpServletRequest,javax.servlet.http.HttpServletResponse)
2020-02-03 18:33:41.517 [32m  INFO [mLAPTOP-ILKHOM --- [  restartedMain] o.s.w.s.h.SimpleUrlHandlerMapping        : Mapped URL path [/assets/**] onto handler of type [class org.springframework.web.servlet.resource.ResourceHttpRequestHandler]
2020-02-03 18:33:41.517 [32m  INFO [mLAPTOP-ILKHOM --- [  restartedMain] o.s.w.s.h.SimpleUrlHandlerMapping        : Mapped URL path [/plugins/**] onto handler of type [class org.springframework.web.servlet.resource.ResourceHttpRequestHandler]
2020-02-03 18:33:41.518 [32m  INFO [mLAPTOP-ILKHOM --- [  restartedMain] o.s.w.s.h.SimpleUrlHandlerMapping        : Mapped URL path [/static/**] onto handler of type [class org.springframework.web.servlet.resource.ResourceHttpRequestHandler]
2020-02-03 18:33:41.518 [32m  INFO [mLAPTOP-ILKHOM --- [  restartedMain] o.s.w.s.h.SimpleUrlHandlerMapping        : Mapped URL path [/firebase*.js] onto handler of type [class org.springframework.web.servlet.resource.ResourceHttpRequestHandler]
2020-02-03 18:33:41.609 [32m  INFO [mLAPTOP-ILKHOM --- [  restartedMain] s.w.s.m.m.a.RequestMappingHandlerAdapter : Looking for @ControllerAdvice: org.springframework.boot.context.embedded.AnnotationConfigEmbeddedWebApplicationContext@3aa4a8: startup date [Mon Feb 03 18:33:35 UZT 2020]; root of context hierarchy
2020-02-03 18:33:41.650 [32m  INFO [mLAPTOP-ILKHOM --- [  restartedMain] .m.m.a.ExceptionHandlerExceptionResolver : Detected @ExceptionHandler methods in repositoryRestExceptionHandler
2020-02-03 18:33:42.290 [32m  INFO [mLAPTOP-ILKHOM --- [  restartedMain] o.s.d.r.w.RepositoryRestHandlerAdapter   : Looking for @ControllerAdvice: org.springframework.boot.context.embedded.AnnotationConfigEmbeddedWebApplicationContext@3aa4a8: startup date [Mon Feb 03 18:33:35 UZT 2020]; root of context hierarchy
2020-02-03 18:33:42.303 [32m  INFO [mLAPTOP-ILKHOM --- [  restartedMain] o.s.d.r.w.RepositoryRestHandlerMapping   : Mapped "{[/{repository}/{id}/{property}],methods=[PATCH || PUT || POST],consumes=[application/json || application/x-spring-data-compact+json || text/uri-list],produces=[application/hal+json || application/json || application/*+json;charset=UTF-8]}" onto public org.springframework.http.ResponseEntity<? extends org.springframework.hateoas.ResourceSupport> org.springframework.data.rest.webmvc.RepositoryPropertyReferenceController.createPropertyReference(org.springframework.data.rest.webmvc.RootResourceInformation,org.springframework.http.HttpMethod,org.springframework.hateoas.Resources<java.lang.Object>,java.io.Serializable,java.lang.String) throws java.lang.Exception
2020-02-03 18:33:42.304 [32m  INFO [mLAPTOP-ILKHOM --- [  restartedMain] o.s.d.r.w.RepositoryRestHandlerMapping   : Mapped "{[/{repository}/{id}/{property}],methods=[DELETE],produces=[application/hal+json || application/json || application/*+json;charset=UTF-8]}" onto public org.springframework.http.ResponseEntity<? extends org.springframework.hateoas.ResourceSupport> org.springframework.data.rest.webmvc.RepositoryPropertyReferenceController.deletePropertyReference(org.springframework.data.rest.webmvc.RootResourceInformation,java.io.Serializable,java.lang.String) throws java.lang.Exception
2020-02-03 18:33:42.304 [32m  INFO [mLAPTOP-ILKHOM --- [  restartedMain] o.s.d.r.w.RepositoryRestHandlerMapping   : Mapped "{[/{repository}/{id}/{property}/{propertyId}],methods=[GET],produces=[application/hal+json || application/json || application/*+json;charset=UTF-8]}" onto public org.springframework.http.ResponseEntity<org.springframework.hateoas.ResourceSupport> org.springframework.data.rest.webmvc.RepositoryPropertyReferenceController.followPropertyReference(org.springframework.data.rest.webmvc.RootResourceInformation,java.io.Serializable,java.lang.String,java.lang.String,org.springframework.data.rest.webmvc.PersistentEntityResourceAssembler) throws java.lang.Exception
2020-02-03 18:33:42.304 [32m  INFO [mLAPTOP-ILKHOM --- [  restartedMain] o.s.d.r.w.RepositoryRestHandlerMapping   : Mapped "{[/{repository}/{id}/{property}],methods=[GET],produces=[application/hal+json || application/json || application/*+json;charset=UTF-8]}" onto public org.springframework.http.ResponseEntity<org.springframework.hateoas.ResourceSupport> org.springframework.data.rest.webmvc.RepositoryPropertyReferenceController.followPropertyReference(org.springframework.data.rest.webmvc.RootResourceInformation,java.io.Serializable,java.lang.String,org.springframework.data.rest.webmvc.PersistentEntityResourceAssembler) throws java.lang.Exception
2020-02-03 18:33:42.305 [32m  INFO [mLAPTOP-ILKHOM --- [  restartedMain] o.s.d.r.w.RepositoryRestHandlerMapping   : Mapped "{[/{repository}/{id}/{property}],methods=[GET],produces=[application/x-spring-data-compact+json || text/uri-list]}" onto public org.springframework.http.ResponseEntity<org.springframework.hateoas.ResourceSupport> org.springframework.data.rest.webmvc.RepositoryPropertyReferenceController.followPropertyReferenceCompact(org.springframework.data.rest.webmvc.RootResourceInformation,java.io.Serializable,java.lang.String,org.springframework.data.rest.webmvc.PersistentEntityResourceAssembler) throws java.lang.Exception
2020-02-03 18:33:42.305 [32m  INFO [mLAPTOP-ILKHOM --- [  restartedMain] o.s.d.r.w.RepositoryRestHandlerMapping   : Mapped "{[/{repository}/{id}/{property}/{propertyId}],methods=[DELETE],produces=[application/hal+json || application/json || application/*+json;charset=UTF-8]}" onto public org.springframework.http.ResponseEntity<org.springframework.hateoas.ResourceSupport> org.springframework.data.rest.webmvc.RepositoryPropertyReferenceController.deletePropertyReferenceId(org.springframework.data.rest.webmvc.RootResourceInformation,java.io.Serializable,java.lang.String,java.lang.String) throws java.lang.Exception
2020-02-03 18:33:42.312 [32m  INFO [mLAPTOP-ILKHOM --- [  restartedMain] o.s.d.r.w.RepositoryRestHandlerMapping   : Mapped "{[/{repository}],methods=[POST],produces=[application/hal+json || application/json || application/*+json;charset=UTF-8]}" onto public org.springframework.http.ResponseEntity<org.springframework.hateoas.ResourceSupport> org.springframework.data.rest.webmvc.RepositoryEntityController.postCollectionResource(org.springframework.data.rest.webmvc.RootResourceInformation,org.springframework.data.rest.webmvc.PersistentEntityResource,org.springframework.data.rest.webmvc.PersistentEntityResourceAssembler,java.lang.String) throws org.springframework.web.HttpRequestMethodNotSupportedException
2020-02-03 18:33:42.313 [32m  INFO [mLAPTOP-ILKHOM --- [  restartedMain] o.s.d.r.w.RepositoryRestHandlerMapping   : Mapped "{[/{repository}/{id}],methods=[HEAD],produces=[application/hal+json || application/json || application/*+json;charset=UTF-8]}" onto public org.springframework.http.ResponseEntity<?> org.springframework.data.rest.webmvc.RepositoryEntityController.headForItemResource(org.springframework.data.rest.webmvc.RootResourceInformation,java.io.Serializable,org.springframework.data.rest.webmvc.PersistentEntityResourceAssembler) throws org.springframework.web.HttpRequestMethodNotSupportedException
2020-02-03 18:33:42.313 [32m  INFO [mLAPTOP-ILKHOM --- [  restartedMain] o.s.d.r.w.RepositoryRestHandlerMapping   : Mapped "{[/{repository}/{id}],methods=[PATCH],produces=[application/hal+json || application/json || application/*+json;charset=UTF-8]}" onto public org.springframework.http.ResponseEntity<org.springframework.hateoas.ResourceSupport> org.springframework.data.rest.webmvc.RepositoryEntityController.patchItemResource(org.springframework.data.rest.webmvc.RootResourceInformation,org.springframework.data.rest.webmvc.PersistentEntityResource,java.io.Serializable,org.springframework.data.rest.webmvc.PersistentEntityResourceAssembler,org.springframework.data.rest.webmvc.support.ETag,java.lang.String) throws org.springframework.web.HttpRequestMethodNotSupportedException,org.springframework.data.rest.webmvc.ResourceNotFoundException
2020-02-03 18:33:42.313 [32m  INFO [mLAPTOP-ILKHOM --- [  restartedMain] o.s.d.r.w.RepositoryRestHandlerMapping   : Mapped "{[/{repository}/{id}],methods=[OPTIONS],produces=[application/hal+json || application/json || application/*+json;charset=UTF-8]}" onto public org.springframework.http.ResponseEntity<?> org.springframework.data.rest.webmvc.RepositoryEntityController.optionsForItemResource(org.springframework.data.rest.webmvc.RootResourceInformation)
2020-02-03 18:33:42.313 [32m  INFO [mLAPTOP-ILKHOM --- [  restartedMain] o.s.d.r.w.RepositoryRestHandlerMapping   : Mapped "{[/{repository}],methods=[HEAD],produces=[application/hal+json || application/json || application/*+json;charset=UTF-8]}" onto public org.springframework.http.ResponseEntity<?> org.springframework.data.rest.webmvc.RepositoryEntityController.headCollectionResource(org.springframework.data.rest.webmvc.RootResourceInformation,org.springframework.data.rest.webmvc.support.DefaultedPageable) throws org.springframework.web.HttpRequestMethodNotSupportedException
2020-02-03 18:33:42.314 [32m  INFO [mLAPTOP-ILKHOM --- [  restartedMain] o.s.d.r.w.RepositoryRestHandlerMapping   : Mapped "{[/{repository}],methods=[GET],produces=[application/hal+json || application/json || application/*+json;charset=UTF-8]}" onto public org.springframework.hateoas.Resources<?> org.springframework.data.rest.webmvc.RepositoryEntityController.getCollectionResource(org.springframework.data.rest.webmvc.RootResourceInformation,org.springframework.data.rest.webmvc.support.DefaultedPageable,org.springframework.data.domain.Sort,org.springframework.data.rest.webmvc.PersistentEntityResourceAssembler) throws org.springframework.data.rest.webmvc.ResourceNotFoundException,org.springframework.web.HttpRequestMethodNotSupportedException
2020-02-03 18:33:42.314 [32m  INFO [mLAPTOP-ILKHOM --- [  restartedMain] o.s.d.r.w.RepositoryRestHandlerMapping   : Mapped "{[/{repository}/{id}],methods=[DELETE],produces=[application/hal+json || application/json || application/*+json;charset=UTF-8]}" onto public org.springframework.http.ResponseEntity<?> org.springframework.data.rest.webmvc.RepositoryEntityController.deleteItemResource(org.springframework.data.rest.webmvc.RootResourceInformation,java.io.Serializable,org.springframework.data.rest.webmvc.support.ETag) throws org.springframework.data.rest.webmvc.ResourceNotFoundException,org.springframework.web.HttpRequestMethodNotSupportedException
2020-02-03 18:33:42.316 [32m  INFO [mLAPTOP-ILKHOM --- [  restartedMain] o.s.d.r.w.RepositoryRestHandlerMapping   : Mapped "{[/{repository}],methods=[OPTIONS],produces=[application/hal+json || application/json || application/*+json;charset=UTF-8]}" onto public org.springframework.http.ResponseEntity<?> org.springframework.data.rest.webmvc.RepositoryEntityController.optionsForCollectionResource(org.springframework.data.rest.webmvc.RootResourceInformation)
2020-02-03 18:33:42.316 [32m  INFO [mLAPTOP-ILKHOM --- [  restartedMain] o.s.d.r.w.RepositoryRestHandlerMapping   : Mapped "{[/{repository}],methods=[GET],produces=[application/x-spring-data-compact+json || text/uri-list]}" onto public org.springframework.hateoas.Resources<?> org.springframework.data.rest.webmvc.RepositoryEntityController.getCollectionResourceCompact(org.springframework.data.rest.webmvc.RootResourceInformation,org.springframework.data.rest.webmvc.support.DefaultedPageable,org.springframework.data.domain.Sort,org.springframework.data.rest.webmvc.PersistentEntityResourceAssembler) throws org.springframework.data.rest.webmvc.ResourceNotFoundException,org.springframework.web.HttpRequestMethodNotSupportedException
2020-02-03 18:33:42.316 [32m  INFO [mLAPTOP-ILKHOM --- [  restartedMain] o.s.d.r.w.RepositoryRestHandlerMapping   : Mapped "{[/{repository}/{id}],methods=[PUT],produces=[application/hal+json || application/json || application/*+json;charset=UTF-8]}" onto public org.springframework.http.ResponseEntity<? extends org.springframework.hateoas.ResourceSupport> org.springframework.data.rest.webmvc.RepositoryEntityController.putItemResource(org.springframework.data.rest.webmvc.RootResourceInformation,org.springframework.data.rest.webmvc.PersistentEntityResource,java.io.Serializable,org.springframework.data.rest.webmvc.PersistentEntityResourceAssembler,org.springframework.data.rest.webmvc.support.ETag,java.lang.String) throws org.springframework.web.HttpRequestMethodNotSupportedException
2020-02-03 18:33:42.317 [32m  INFO [mLAPTOP-ILKHOM --- [  restartedMain] o.s.d.r.w.RepositoryRestHandlerMapping   : Mapped "{[/{repository}/{id}],methods=[GET],produces=[application/hal+json || application/json || application/*+json;charset=UTF-8]}" onto public org.springframework.http.ResponseEntity<org.springframework.hateoas.Resource<?>> org.springframework.data.rest.webmvc.RepositoryEntityController.getItemResource(org.springframework.data.rest.webmvc.RootResourceInformation,java.io.Serializable,org.springframework.data.rest.webmvc.PersistentEntityResourceAssembler,org.springframework.util.MultiValueMap<java.lang.String, java.lang.String>) throws org.springframework.web.HttpRequestMethodNotSupportedException
2020-02-03 18:33:42.318 [32m  INFO [mLAPTOP-ILKHOM --- [  restartedMain] o.s.d.r.w.RepositoryRestHandlerMapping   : Mapped "{[/{repository}/search],methods=[GET],produces=[application/hal+json || application/json || application/*+json;charset=UTF-8]}" onto public org.springframework.data.rest.webmvc.RepositorySearchesResource org.springframework.data.rest.webmvc.RepositorySearchController.listSearches(org.springframework.data.rest.webmvc.RootResourceInformation)
2020-02-03 18:33:42.318 [32m  INFO [mLAPTOP-ILKHOM --- [  restartedMain] o.s.d.r.w.RepositoryRestHandlerMapping   : Mapped "{[/{repository}/search],methods=[HEAD],produces=[application/hal+json || application/json || application/*+json;charset=UTF-8]}" onto public org.springframework.http.HttpEntity<?> org.springframework.data.rest.webmvc.RepositorySearchController.headForSearches(org.springframework.data.rest.webmvc.RootResourceInformation)
2020-02-03 18:33:42.318 [32m  INFO [mLAPTOP-ILKHOM --- [  restartedMain] o.s.d.r.w.RepositoryRestHandlerMapping   : Mapped "{[/{repository}/search/{search}],methods=[HEAD],produces=[application/hal+json || application/json || application/*+json;charset=UTF-8]}" onto public org.springframework.http.ResponseEntity<java.lang.Object> org.springframework.data.rest.webmvc.RepositorySearchController.headForSearch(org.springframework.data.rest.webmvc.RootResourceInformation,java.lang.String)
2020-02-03 18:33:42.318 [32m  INFO [mLAPTOP-ILKHOM --- [  restartedMain] o.s.d.r.w.RepositoryRestHandlerMapping   : Mapped "{[/{repository}/search/{search}],methods=[OPTIONS],produces=[application/hal+json || application/json || application/*+json;charset=UTF-8]}" onto public org.springframework.http.ResponseEntity<java.lang.Object> org.springframework.data.rest.webmvc.RepositorySearchController.optionsForSearch(org.springframework.data.rest.webmvc.RootResourceInformation,java.lang.String)
2020-02-03 18:33:42.319 [32m  INFO [mLAPTOP-ILKHOM --- [  restartedMain] o.s.d.r.w.RepositoryRestHandlerMapping   : Mapped "{[/{repository}/search/{search}],methods=[GET],produces=[application/hal+json || application/json || application/*+json;charset=UTF-8]}" onto public org.springframework.http.ResponseEntity<java.lang.Object> org.springframework.data.rest.webmvc.RepositorySearchController.executeSearch(org.springframework.data.rest.webmvc.RootResourceInformation,org.springframework.util.MultiValueMap<java.lang.String, java.lang.Object>,java.lang.String,org.springframework.data.rest.webmvc.support.DefaultedPageable,org.springframework.data.domain.Sort,org.springframework.data.rest.webmvc.PersistentEntityResourceAssembler)
2020-02-03 18:33:42.319 [32m  INFO [mLAPTOP-ILKHOM --- [  restartedMain] o.s.d.r.w.RepositoryRestHandlerMapping   : Mapped "{[/{repository}/search/{search}],methods=[GET],produces=[application/x-spring-data-compact+json]}" onto public org.springframework.hateoas.ResourceSupport org.springframework.data.rest.webmvc.RepositorySearchController.executeSearchCompact(org.springframework.data.rest.webmvc.RootResourceInformation,org.springframework.util.MultiValueMap<java.lang.String, java.lang.Object>,java.lang.String,java.lang.String,org.springframework.data.rest.webmvc.support.DefaultedPageable,org.springframework.data.domain.Sort,org.springframework.data.rest.webmvc.PersistentEntityResourceAssembler)
2020-02-03 18:33:42.319 [32m  INFO [mLAPTOP-ILKHOM --- [  restartedMain] o.s.d.r.w.RepositoryRestHandlerMapping   : Mapped "{[/{repository}/search],methods=[OPTIONS],produces=[application/hal+json || application/json || application/*+json;charset=UTF-8]}" onto public org.springframework.http.HttpEntity<?> org.springframework.data.rest.webmvc.RepositorySearchController.optionsForSearches(org.springframework.data.rest.webmvc.RootResourceInformation)
2020-02-03 18:33:42.320 [32m  INFO [mLAPTOP-ILKHOM --- [  restartedMain] o.s.d.r.w.RepositoryRestHandlerMapping   : Mapped "{[/ || ],methods=[GET],produces=[application/hal+json || application/json || application/*+json;charset=UTF-8]}" onto public org.springframework.http.HttpEntity<org.springframework.data.rest.webmvc.RepositoryLinksResource> org.springframework.data.rest.webmvc.RepositoryController.listRepositories()
2020-02-03 18:33:42.320 [32m  INFO [mLAPTOP-ILKHOM --- [  restartedMain] o.s.d.r.w.RepositoryRestHandlerMapping   : Mapped "{[/ || ],methods=[OPTIONS],produces=[application/hal+json || application/json || application/*+json;charset=UTF-8]}" onto public org.springframework.http.HttpEntity<?> org.springframework.data.rest.webmvc.RepositoryController.optionsForRepositories()
2020-02-03 18:33:42.320 [32m  INFO [mLAPTOP-ILKHOM --- [  restartedMain] o.s.d.r.w.RepositoryRestHandlerMapping   : Mapped "{[/ || ],methods=[HEAD],produces=[application/hal+json || application/json || application/*+json;charset=UTF-8]}" onto public org.springframework.http.ResponseEntity<?> org.springframework.data.rest.webmvc.RepositoryController.headForRepositories()
2020-02-03 18:33:42.325 [32m  INFO [mLAPTOP-ILKHOM --- [  restartedMain] o.s.d.r.w.BasePathAwareHandlerMapping    : Mapped "{[/profile/{repository}],methods=[GET],produces=[application/schema+json]}" onto public org.springframework.http.HttpEntity<org.springframework.data.rest.webmvc.json.JsonSchema> org.springframework.data.rest.webmvc.RepositorySchemaController.schema(org.springframework.data.rest.webmvc.RootResourceInformation)
2020-02-03 18:33:42.325 [32m  INFO [mLAPTOP-ILKHOM --- [  restartedMain] o.s.d.r.w.BasePathAwareHandlerMapping    : Mapped "{[/profile],methods=[OPTIONS]}" onto public org.springframework.http.HttpEntity<?> org.springframework.data.rest.webmvc.ProfileController.profileOptions()
2020-02-03 18:33:42.325 [32m  INFO [mLAPTOP-ILKHOM --- [  restartedMain] o.s.d.r.w.BasePathAwareHandlerMapping    : Mapped "{[/profile],methods=[GET]}" onto org.springframework.http.HttpEntity<org.springframework.hateoas.ResourceSupport> org.springframework.data.rest.webmvc.ProfileController.listAllFormsOfMetadata()
2020-02-03 18:33:42.326 [32m  INFO [mLAPTOP-ILKHOM --- [  restartedMain] o.s.d.r.w.BasePathAwareHandlerMapping    : Mapped "{[/profile/{repository}],methods=[GET],produces=[application/alps+json || */*]}" onto org.springframework.http.HttpEntity<org.springframework.data.rest.webmvc.RootResourceInformation> org.springframework.data.rest.webmvc.alps.AlpsController.descriptor(org.springframework.data.rest.webmvc.RootResourceInformation)
2020-02-03 18:33:42.326 [32m  INFO [mLAPTOP-ILKHOM --- [  restartedMain] o.s.d.r.w.BasePathAwareHandlerMapping    : Mapped "{[/profile/{repository}],methods=[OPTIONS],produces=[application/alps+json]}" onto org.springframework.http.HttpEntity<?> org.springframework.data.rest.webmvc.alps.AlpsController.alpsOptions()
2020-02-03 18:33:42.353 [32m  INFO [mLAPTOP-ILKHOM --- [  restartedMain] .m.m.a.ExceptionHandlerExceptionResolver : Detected @ExceptionHandler methods in repositoryRestExceptionHandler
2020-02-03 18:33:42.709 [32m  INFO [mLAPTOP-ILKHOM --- [  restartedMain] o.s.b.f.c.PropertiesFactoryBean          : Loading properties file from URL [jar:file:/D:/web/maven/repository/org/springframework/integration/spring-integration-core/4.2.9.RELEASE/spring-integration-core-4.2.9.RELEASE.jar!/META-INF/spring.integration.default.properties]
2020-02-03 18:33:42.735 [32m  INFO [mLAPTOP-ILKHOM --- [  restartedMain] o.s.s.c.ThreadPoolTaskScheduler          : Initializing ExecutorService  'taskScheduler'
2020-02-03 18:33:43.408 [33m  WARN [mLAPTOP-ILKHOM --- [  restartedMain] o.s.b.d.a.OptionalLiveReloadServer       : Unable to start LiveReload server
2020-02-03 18:33:43.607 [32m  INFO [mLAPTOP-ILKHOM --- [  restartedMain] o.s.j.e.a.AnnotationMBeanExporter        : Registering beans for JMX exposure on startup
2020-02-03 18:33:43.617 [32m  INFO [mLAPTOP-ILKHOM --- [  restartedMain] o.s.c.s.DefaultLifecycleProcessor        : Starting beans in phase 0
2020-02-03 18:33:43.617 [32m  INFO [mLAPTOP-ILKHOM --- [  restartedMain] o.s.i.e.EventDrivenConsumer              : Adding {logging-channel-adapter:_org.springframework.integration.errorLogger} as a subscriber to the 'errorChannel' channel
2020-02-03 18:33:43.617 [32m  INFO [mLAPTOP-ILKHOM --- [  restartedMain] o.s.i.c.PublishSubscribeChannel          : Channel 'application:8085.errorChannel' has 1 subscriber(s).
2020-02-03 18:33:43.617 [32m  INFO [mLAPTOP-ILKHOM --- [  restartedMain] o.s.i.e.EventDrivenConsumer              : started _org.springframework.integration.errorLogger
2020-02-03 18:33:43.634 [32m  INFO [mLAPTOP-ILKHOM --- [  restartedMain] o.a.c.h.Http11NioProtocol                : Initializing ProtocolHandler ["http-nio-8085"]
2020-02-03 18:33:43.639 [32m  INFO [mLAPTOP-ILKHOM --- [  restartedMain] o.a.c.h.Http11NioProtocol                : Starting ProtocolHandler ["http-nio-8085"]
2020-02-03 18:33:43.650 [32m  INFO [mLAPTOP-ILKHOM --- [  restartedMain] o.a.t.u.n.NioSelectorPool                : Using a shared selector for servlet write/read
2020-02-03 18:33:43.661 [32m  INFO [mLAPTOP-ILKHOM --- [  restartedMain] s.b.c.e.t.TomcatEmbeddedServletContainer : Tomcat started on port(s): 8085 (http)
2020-02-03 18:33:43.666 [32m  INFO [mLAPTOP-ILKHOM --- [  restartedMain] t.q.QabulxonaApplication                 : Started QabulxonaApplication in 8.694 seconds (JVM running for 10.095)
2020-02-03 18:33:55.805 [32m  INFO [mLAPTOP-ILKHOM --- [nio-8085-exec-1] o.a.c.c.C.[.[.[/]                        : Initializing Spring FrameworkServlet 'dispatcherServlet'
2020-02-03 18:33:55.806 [32m  INFO [mLAPTOP-ILKHOM --- [nio-8085-exec-1] o.s.w.s.DispatcherServlet                : FrameworkServlet 'dispatcherServlet': initialization started
2020-02-03 18:33:55.824 [32m  INFO [mLAPTOP-ILKHOM --- [nio-8085-exec-1] o.s.w.s.DispatcherServlet                : FrameworkServlet 'dispatcherServlet': initialization completed in 18 ms
2020-02-03 18:33:55.896 [32m  INFO [mLAPTOP-ILKHOM --- [nio-8085-exec-1] o.t.TemplateEngine                       : [THYMELEAF] INITIALIZING TEMPLATE ENGINE
2020-02-03 18:33:55.960 [32m  INFO [mLAPTOP-ILKHOM --- [nio-8085-exec-1] o.t.t.AbstractTemplateResolver           : [THYMELEAF] INITIALIZING TEMPLATE RESOLVER: org.thymeleaf.templateresolver.ClassLoaderTemplateResolver
2020-02-03 18:33:55.961 [32m  INFO [mLAPTOP-ILKHOM --- [nio-8085-exec-1] o.t.t.AbstractTemplateResolver           : [THYMELEAF] TEMPLATE RESOLVER INITIALIZED OK
2020-02-03 18:33:55.961 [32m  INFO [mLAPTOP-ILKHOM --- [nio-8085-exec-1] o.t.m.AbstractMessageResolver            : [THYMELEAF] INITIALIZING MESSAGE RESOLVER: org.thymeleaf.spring4.messageresolver.SpringMessageResolver
2020-02-03 18:33:55.961 [32m  INFO [mLAPTOP-ILKHOM --- [nio-8085-exec-1] o.t.m.AbstractMessageResolver            : [THYMELEAF] MESSAGE RESOLVER INITIALIZED OK
2020-02-03 18:33:55.966 [32m  INFO [mLAPTOP-ILKHOM --- [nio-8085-exec-1] o.t.T.CONFIG                             : [THYMELEAF] TEMPLATE ENGINE CONFIGURATION:
[THYMELEAF] * Cache Factory implementation: org.thymeleaf.cache.StandardCacheManager
[THYMELEAF] * Template modes:
[THYMELEAF]     * XHTML
[THYMELEAF]     * VALIDXHTML
[THYMELEAF]     * LEGACYHTML5
[THYMELEAF]     * VALIDXML
[THYMELEAF]     * HTML5
[THYMELEAF]     * XML
[THYMELEAF] * Template resolvers (in order):
[THYMELEAF]     * org.thymeleaf.templateresolver.ClassLoaderTemplateResolver
[THYMELEAF] * Message resolvers (in order):
[THYMELEAF]     * org.thymeleaf.spring4.messageresolver.SpringMessageResolver
[THYMELEAF] * Dialect [1 of 3]: org.thymeleaf.spring4.dialect.SpringStandardDialect
[THYMELEAF]     * Prefix: "th"
[THYMELEAF] * Dialect [2 of 3]: nz.net.ultraq.thymeleaf.LayoutDialect
[THYMELEAF]     * Prefix: "layout"
[THYMELEAF] * Dialect [3 of 3]: org.thymeleaf.extras.springsecurity4.dialect.SpringSecurityDialect
[THYMELEAF]     * Prefix: "sec"
[THYMELEAF] TEMPLATE ENGINE CONFIGURED OK
2020-02-03 18:33:55.966 [32m  INFO [mLAPTOP-ILKHOM --- [nio-8085-exec-1] o.t.TemplateEngine                       : [THYMELEAF] TEMPLATE ENGINE INITIALIZED
