2020-06-03 11:29:08.255 [32m  INFO [mLAPTOP-ILKHOM --- [  restartedMain] t.q.QabulxonaApplication                 : Starting QabulxonaApplication on LAPTOP-ILKHOM with PID 1828 (C:\MINE\ish\turin\test\localVersion\Admin\qabulxona\target\classes started by ilhom in C:\MINE\ish\turin\test\localVersion\Admin\qabulxona)
2020-06-03 11:29:08.267 [32m  INFO [mLAPTOP-ILKHOM --- [  restartedMain] t.q.QabulxonaApplication                 : No active profile set, falling back to default profiles: default
2020-06-03 11:29:08.656 [32m  INFO [mLAPTOP-ILKHOM --- [  restartedMain] ationConfigEmbeddedWebApplicationContext : Refreshing org.springframework.boot.context.embedded.AnnotationConfigEmbeddedWebApplicationContext@a926c5: startup date [Wed Jun 03 11:29:08 UZT 2020]; root of context hierarchy
2020-06-03 11:29:08.734 [32m  INFO [mLAPTOP-ILKHOM --- [kground-preinit] o.h.v.i.u.Version                        : HV000001: Hibernate Validator 5.2.4.Final
2020-06-03 11:29:10.447 [32m  INFO [mLAPTOP-ILKHOM --- [  restartedMain] o.s.b.f.c.PropertiesFactoryBean          : Loading properties file from URL [jar:file:/C:/MINE/programsInstall/Maven/apache-maven-3.6.2/org/springframework/integration/spring-integration-core/4.2.9.RELEASE/spring-integration-core-4.2.9.RELEASE.jar!/META-INF/spring.integration.default.properties]
2020-06-03 11:29:10.450 [32m  INFO [mLAPTOP-ILKHOM --- [  restartedMain] o.s.i.c.IntegrationRegistrar             : No bean named 'integrationHeaderChannelRegistry' has been explicitly defined. Therefore, a default DefaultHeaderChannelRegistry will be created.
2020-06-03 11:29:10.768 [32m  INFO [mLAPTOP-ILKHOM --- [  restartedMain] faultConfiguringBeanFactoryPostProcessor : No bean named 'errorChannel' has been explicitly defined. Therefore, a default PublishSubscribeChannel will be created.
2020-06-03 11:29:10.774 [32m  INFO [mLAPTOP-ILKHOM --- [  restartedMain] faultConfiguringBeanFactoryPostProcessor : No bean named 'taskScheduler' has been explicitly defined. Therefore, a default ThreadPoolTaskScheduler will be created.
2020-06-03 11:29:10.884 [32m  INFO [mLAPTOP-ILKHOM --- [  restartedMain] trationDelegate$BeanPostProcessorChecker : Bean 'org.springframework.transaction.annotation.ProxyTransactionManagementConfiguration' of type [class org.springframework.transaction.annotation.ProxyTransactionManagementConfiguration$$EnhancerBySpringCGLIB$$1132f01f] is not eligible for getting processed by all BeanPostProcessors (for example: not eligible for auto-proxying)
2020-06-03 11:29:11.341 [32m  INFO [mLAPTOP-ILKHOM --- [  restartedMain] s.b.c.e.t.TomcatEmbeddedServletContainer : Tomcat initialized with port(s): 8080 (http)
2020-06-03 11:29:11.350 [32m  INFO [mLAPTOP-ILKHOM --- [  restartedMain] o.a.c.c.StandardService                  : Starting service Tomcat
2020-06-03 11:29:11.351 [32m  INFO [mLAPTOP-ILKHOM --- [  restartedMain] o.a.c.c.StandardEngine                   : Starting Servlet Engine: Apache Tomcat/8.0.37
2020-06-03 11:29:11.467 [32m  INFO [mLAPTOP-ILKHOM --- [ost-startStop-1] o.a.c.c.C.[.[.[/]                        : Initializing Spring embedded WebApplicationContext
2020-06-03 11:29:11.467 [32m  INFO [mLAPTOP-ILKHOM --- [ost-startStop-1] o.s.w.c.ContextLoader                    : Root WebApplicationContext: initialization completed in 2816 ms
2020-06-03 11:29:11.610 [32m  INFO [mLAPTOP-ILKHOM --- [ost-startStop-1] o.s.b.c.e.FilterRegistrationBean         : Mapping filter: 'characterEncodingFilter' to: [/*]
2020-06-03 11:29:11.612 [32m  INFO [mLAPTOP-ILKHOM --- [ost-startStop-1] .e.DelegatingFilterProxyRegistrationBean : Mapping filter: 'springSecurityFilterChain' to: [/*]
2020-06-03 11:29:11.612 [32m  INFO [mLAPTOP-ILKHOM --- [ost-startStop-1] o.s.b.c.e.ServletRegistrationBean        : Mapping servlet: 'dispatcherServlet' to [/]
2020-06-03 11:29:11.944 [32m  INFO [mLAPTOP-ILKHOM --- [ost-startStop-1] j.LocalContainerEntityManagerFactoryBean : Building JPA container EntityManagerFactory for persistence unit 'default'
2020-06-03 11:29:11.949 [32m  INFO [mLAPTOP-ILKHOM --- [ost-startStop-1] o.h.j.i.u.LogHelper                      : HHH000204: Processing PersistenceUnitInfo [
	name: default
	...]
2020-06-03 11:29:12.041 [32m  INFO [mLAPTOP-ILKHOM --- [ost-startStop-1] o.h.Version                              : HHH000412: Hibernate Core {4.3.11.Final}
2020-06-03 11:29:12.044 [32m  INFO [mLAPTOP-ILKHOM --- [ost-startStop-1] o.h.c.Environment                        : HHH000206: hibernate.properties not found
2020-06-03 11:29:12.045 [32m  INFO [mLAPTOP-ILKHOM --- [ost-startStop-1] o.h.c.Environment                        : HHH000021: Bytecode provider name : javassist
2020-06-03 11:29:12.946 [32m  INFO [mLAPTOP-ILKHOM --- [ost-startStop-1] o.h.a.c.Version                          : HCANN000001: Hibernate Commons Annotations {4.0.5.Final}
2020-06-03 11:29:13.294 [32m  INFO [mLAPTOP-ILKHOM --- [ost-startStop-1] o.h.d.Dialect                            : HHH000400: Using dialect: org.hibernate.dialect.MySQL5Dialect
2020-06-03 11:29:13.435 [32m  INFO [mLAPTOP-ILKHOM --- [ost-startStop-1] o.h.h.i.a.ASTQueryTranslatorFactory      : HHH000397: Using ASTQueryTranslatorFactory
2020-06-03 11:29:13.769 [32m  INFO [mLAPTOP-ILKHOM --- [ost-startStop-1] o.h.t.h.SchemaUpdate                     : HHH000228: Running hbm2ddl schema update
2020-06-03 11:29:13.769 [32m  INFO [mLAPTOP-ILKHOM --- [ost-startStop-1] o.h.t.h.SchemaUpdate                     : HHH000102: Fetching database metadata
2020-06-03 11:29:13.771 [32m  INFO [mLAPTOP-ILKHOM --- [ost-startStop-1] o.h.t.h.SchemaUpdate                     : HHH000396: Updating schema
2020-06-03 11:29:13.859 [32m  INFO [mLAPTOP-ILKHOM --- [ost-startStop-1] o.h.t.h.TableMetadata                    : HHH000261: Table found: qabulxona.admin_user
2020-06-03 11:29:13.859 [32m  INFO [mLAPTOP-ILKHOM --- [ost-startStop-1] o.h.t.h.TableMetadata                    : HHH000037: Columns: [password, surname, name, phone_number, id, registered_date, enabled, username]
2020-06-03 11:29:13.859 [32m  INFO [mLAPTOP-ILKHOM --- [ost-startStop-1] o.h.t.h.TableMetadata                    : HHH000108: Foreign keys: []
2020-06-03 11:29:13.859 [32m  INFO [mLAPTOP-ILKHOM --- [ost-startStop-1] o.h.t.h.TableMetadata                    : HHH000126: Indexes: [primary]
2020-06-03 11:29:13.881 [32m  INFO [mLAPTOP-ILKHOM --- [ost-startStop-1] o.h.t.h.TableMetadata                    : HHH000261: Table found: qabulxona.admin_user_role
2020-06-03 11:29:13.881 [32m  INFO [mLAPTOP-ILKHOM --- [ost-startStop-1] o.h.t.h.TableMetadata                    : HHH000037: Columns: [role, user_id, id, version, enabled]
2020-06-03 11:29:13.881 [32m  INFO [mLAPTOP-ILKHOM --- [ost-startStop-1] o.h.t.h.TableMetadata                    : HHH000108: Foreign keys: [fk_9si3yvpr3ccw8xo5yij8ovovw]
2020-06-03 11:29:13.881 [32m  INFO [mLAPTOP-ILKHOM --- [ost-startStop-1] o.h.t.h.TableMetadata                    : HHH000126: Indexes: [fk_9si3yvpr3ccw8xo5yij8ovovw, primary]
2020-06-03 11:29:13.897 [32m  INFO [mLAPTOP-ILKHOM --- [ost-startStop-1] o.h.t.h.TableMetadata                    : HHH000261: Table found: qabulxona.appael
2020-06-03 11:29:13.897 [32m  INFO [mLAPTOP-ILKHOM --- [ost-startStop-1] o.h.t.h.TableMetadata                    : HHH000037: Columns: [appeal_type, appeal_text, date_created, surname, name, student_id, filenames, phone_number, id, student_email]
2020-06-03 11:29:13.897 [32m  INFO [mLAPTOP-ILKHOM --- [ost-startStop-1] o.h.t.h.TableMetadata                    : HHH000108: Foreign keys: []
2020-06-03 11:29:13.898 [32m  INFO [mLAPTOP-ILKHOM --- [ost-startStop-1] o.h.t.h.TableMetadata                    : HHH000126: Indexes: [primary]
2020-06-03 11:29:13.917 [32m  INFO [mLAPTOP-ILKHOM --- [ost-startStop-1] o.h.t.h.TableMetadata                    : HHH000261: Table found: qabulxona.user_and_admin
2020-06-03 11:29:13.917 [32m  INFO [mLAPTOP-ILKHOM --- [ost-startStop-1] o.h.t.h.TableMetadata                    : HHH000037: Columns: [store_id, admin_user_id, id, region_code]
2020-06-03 11:29:13.917 [32m  INFO [mLAPTOP-ILKHOM --- [ost-startStop-1] o.h.t.h.TableMetadata                    : HHH000108: Foreign keys: [fk_falfo62oo2mcnf3ojfc69t3jh]
2020-06-03 11:29:13.917 [32m  INFO [mLAPTOP-ILKHOM --- [ost-startStop-1] o.h.t.h.TableMetadata                    : HHH000126: Indexes: [fk_falfo62oo2mcnf3ojfc69t3jh, primary]
2020-06-03 11:29:13.918 [32m  INFO [mLAPTOP-ILKHOM --- [ost-startStop-1] o.h.t.h.SchemaUpdate                     : HHH000232: Schema update complete
2020-06-03 11:29:14.687 [32m  INFO [mLAPTOP-ILKHOM --- [ost-startStop-1] o.s.s.w.DefaultSecurityFilterChain       : Creating filter chain: org.springframework.security.web.util.matcher.AnyRequestMatcher@1, [org.springframework.security.web.context.request.async.WebAsyncManagerIntegrationFilter@c3106b, org.springframework.security.web.context.SecurityContextPersistenceFilter@b76b0c, org.springframework.security.web.header.HeaderWriterFilter@cf1b32, org.springframework.security.web.csrf.CsrfFilter@206746, org.springframework.security.web.authentication.logout.LogoutFilter@13c4e19, org.springframework.security.web.savedrequest.RequestCacheAwareFilter@6f6adc, org.springframework.security.web.servletapi.SecurityContextHolderAwareRequestFilter@17544ee, org.springframework.security.web.authentication.AnonymousAuthenticationFilter@197b437, org.springframework.security.web.session.SessionManagementFilter@3503af, org.springframework.security.web.access.ExceptionTranslationFilter@141f113, org.springframework.security.web.access.intercept.FilterSecurityInterceptor@11c0291]
2020-06-03 11:29:14.916 [32m  INFO [mLAPTOP-ILKHOM --- [  restartedMain] o.s.b.f.c.PropertiesFactoryBean          : Loading properties file from class path resource [rest-default-messages.properties]
2020-06-03 11:29:15.109 [32m  INFO [mLAPTOP-ILKHOM --- [  restartedMain] s.w.s.m.m.a.RequestMappingHandlerMapping : Mapped "{[/cmn/admin/users/form]}" onto public java.lang.String ttpu.qabulxona.controller.AdminUsersController.getUserForm(org.springframework.ui.Model,java.lang.Integer)
2020-06-03 11:29:15.110 [32m  INFO [mLAPTOP-ILKHOM --- [  restartedMain] s.w.s.m.m.a.RequestMappingHandlerMapping : Mapped "{[/cmn/banks/users/save],methods=[POST]}" onto public java.lang.String ttpu.qabulxona.controller.AdminUsersController.submitUser(ttpu.qabulxona.entity.AdminUser,java.lang.Integer[])
2020-06-03 11:29:15.110 [32m  INFO [mLAPTOP-ILKHOM --- [  restartedMain] s.w.s.m.m.a.RequestMappingHandlerMapping : Mapped "{[/cmn/admin/users]}" onto public java.lang.String ttpu.qabulxona.controller.AdminUsersController.getBankUsersPage(org.springframework.ui.Model)
2020-06-03 11:29:15.110 [32m  INFO [mLAPTOP-ILKHOM --- [  restartedMain] s.w.s.m.m.a.RequestMappingHandlerMapping : Mapped "{[/]}" onto public java.lang.String ttpu.qabulxona.controller.ListController.get()
2020-06-03 11:29:15.111 [32m  INFO [mLAPTOP-ILKHOM --- [  restartedMain] s.w.s.m.m.a.RequestMappingHandlerMapping : Mapped "{[/appeals/ajax_list]}" onto public java.util.HashMap<java.lang.String, java.lang.Object> ttpu.qabulxona.controller.ListController.getUsersAsJSON()
2020-06-03 11:29:15.111 [32m  INFO [mLAPTOP-ILKHOM --- [  restartedMain] s.w.s.m.m.a.RequestMappingHandlerMapping : Mapped "{[/appeals/details],methods=[GET],produces=[application/json]}" onto public java.util.Map<java.lang.String, java.lang.Object> ttpu.qabulxona.controller.ListController.showModal(java.lang.Integer)
2020-06-03 11:29:15.113 [32m  INFO [mLAPTOP-ILKHOM --- [  restartedMain] s.w.s.m.m.a.RequestMappingHandlerMapping : Mapped "{[/error]}" onto public org.springframework.http.ResponseEntity<java.util.Map<java.lang.String, java.lang.Object>> org.springframework.boot.autoconfigure.web.BasicErrorController.error(javax.servlet.http.HttpServletRequest)
2020-06-03 11:29:15.114 [32m  INFO [mLAPTOP-ILKHOM --- [  restartedMain] s.w.s.m.m.a.RequestMappingHandlerMapping : Mapped "{[/error],produces=[text/html]}" onto public org.springframework.web.servlet.ModelAndView org.springframework.boot.autoconfigure.web.BasicErrorController.errorHtml(javax.servlet.http.HttpServletRequest,javax.servlet.http.HttpServletResponse)
2020-06-03 11:29:15.153 [32m  INFO [mLAPTOP-ILKHOM --- [  restartedMain] o.s.w.s.h.SimpleUrlHandlerMapping        : Mapped URL path [/assets/**] onto handler of type [class org.springframework.web.servlet.resource.ResourceHttpRequestHandler]
2020-06-03 11:29:15.153 [32m  INFO [mLAPTOP-ILKHOM --- [  restartedMain] o.s.w.s.h.SimpleUrlHandlerMapping        : Mapped URL path [/plugins/**] onto handler of type [class org.springframework.web.servlet.resource.ResourceHttpRequestHandler]
2020-06-03 11:29:15.153 [32m  INFO [mLAPTOP-ILKHOM --- [  restartedMain] o.s.w.s.h.SimpleUrlHandlerMapping        : Mapped URL path [/static/**] onto handler of type [class org.springframework.web.servlet.resource.ResourceHttpRequestHandler]
2020-06-03 11:29:15.153 [32m  INFO [mLAPTOP-ILKHOM --- [  restartedMain] o.s.w.s.h.SimpleUrlHandlerMapping        : Mapped URL path [/firebase*.js] onto handler of type [class org.springframework.web.servlet.resource.ResourceHttpRequestHandler]
2020-06-03 11:29:15.261 [32m  INFO [mLAPTOP-ILKHOM --- [  restartedMain] s.w.s.m.m.a.RequestMappingHandlerAdapter : Looking for @ControllerAdvice: org.springframework.boot.context.embedded.AnnotationConfigEmbeddedWebApplicationContext@a926c5: startup date [Wed Jun 03 11:29:08 UZT 2020]; root of context hierarchy
2020-06-03 11:29:15.319 [32m  INFO [mLAPTOP-ILKHOM --- [  restartedMain] .m.m.a.ExceptionHandlerExceptionResolver : Detected @ExceptionHandler methods in repositoryRestExceptionHandler
2020-06-03 11:29:15.961 [32m  INFO [mLAPTOP-ILKHOM --- [  restartedMain] o.s.d.r.w.RepositoryRestHandlerAdapter   : Looking for @ControllerAdvice: org.springframework.boot.context.embedded.AnnotationConfigEmbeddedWebApplicationContext@a926c5: startup date [Wed Jun 03 11:29:08 UZT 2020]; root of context hierarchy
2020-06-03 11:29:15.974 [32m  INFO [mLAPTOP-ILKHOM --- [  restartedMain] o.s.d.r.w.RepositoryRestHandlerMapping   : Mapped "{[/{repository}/{id}/{property}],methods=[PATCH || PUT || POST],consumes=[application/json || application/x-spring-data-compact+json || text/uri-list],produces=[application/hal+json || application/json || application/*+json;charset=UTF-8]}" onto public org.springframework.http.ResponseEntity<? extends org.springframework.hateoas.ResourceSupport> org.springframework.data.rest.webmvc.RepositoryPropertyReferenceController.createPropertyReference(org.springframework.data.rest.webmvc.RootResourceInformation,org.springframework.http.HttpMethod,org.springframework.hateoas.Resources<java.lang.Object>,java.io.Serializable,java.lang.String) throws java.lang.Exception
2020-06-03 11:29:15.974 [32m  INFO [mLAPTOP-ILKHOM --- [  restartedMain] o.s.d.r.w.RepositoryRestHandlerMapping   : Mapped "{[/{repository}/{id}/{property}],methods=[DELETE],produces=[application/hal+json || application/json || application/*+json;charset=UTF-8]}" onto public org.springframework.http.ResponseEntity<? extends org.springframework.hateoas.ResourceSupport> org.springframework.data.rest.webmvc.RepositoryPropertyReferenceController.deletePropertyReference(org.springframework.data.rest.webmvc.RootResourceInformation,java.io.Serializable,java.lang.String) throws java.lang.Exception
2020-06-03 11:29:15.974 [32m  INFO [mLAPTOP-ILKHOM --- [  restartedMain] o.s.d.r.w.RepositoryRestHandlerMapping   : Mapped "{[/{repository}/{id}/{property}/{propertyId}],methods=[GET],produces=[application/hal+json || application/json || application/*+json;charset=UTF-8]}" onto public org.springframework.http.ResponseEntity<org.springframework.hateoas.ResourceSupport> org.springframework.data.rest.webmvc.RepositoryPropertyReferenceController.followPropertyReference(org.springframework.data.rest.webmvc.RootResourceInformation,java.io.Serializable,java.lang.String,java.lang.String,org.springframework.data.rest.webmvc.PersistentEntityResourceAssembler) throws java.lang.Exception
2020-06-03 11:29:15.975 [32m  INFO [mLAPTOP-ILKHOM --- [  restartedMain] o.s.d.r.w.RepositoryRestHandlerMapping   : Mapped "{[/{repository}/{id}/{property}],methods=[GET],produces=[application/hal+json || application/json || application/*+json;charset=UTF-8]}" onto public org.springframework.http.ResponseEntity<org.springframework.hateoas.ResourceSupport> org.springframework.data.rest.webmvc.RepositoryPropertyReferenceController.followPropertyReference(org.springframework.data.rest.webmvc.RootResourceInformation,java.io.Serializable,java.lang.String,org.springframework.data.rest.webmvc.PersistentEntityResourceAssembler) throws java.lang.Exception
2020-06-03 11:29:15.975 [32m  INFO [mLAPTOP-ILKHOM --- [  restartedMain] o.s.d.r.w.RepositoryRestHandlerMapping   : Mapped "{[/{repository}/{id}/{property}],methods=[GET],produces=[application/x-spring-data-compact+json || text/uri-list]}" onto public org.springframework.http.ResponseEntity<org.springframework.hateoas.ResourceSupport> org.springframework.data.rest.webmvc.RepositoryPropertyReferenceController.followPropertyReferenceCompact(org.springframework.data.rest.webmvc.RootResourceInformation,java.io.Serializable,java.lang.String,org.springframework.data.rest.webmvc.PersistentEntityResourceAssembler) throws java.lang.Exception
2020-06-03 11:29:15.975 [32m  INFO [mLAPTOP-ILKHOM --- [  restartedMain] o.s.d.r.w.RepositoryRestHandlerMapping   : Mapped "{[/{repository}/{id}/{property}/{propertyId}],methods=[DELETE],produces=[application/hal+json || application/json || application/*+json;charset=UTF-8]}" onto public org.springframework.http.ResponseEntity<org.springframework.hateoas.ResourceSupport> org.springframework.data.rest.webmvc.RepositoryPropertyReferenceController.deletePropertyReferenceId(org.springframework.data.rest.webmvc.RootResourceInformation,java.io.Serializable,java.lang.String,java.lang.String) throws java.lang.Exception
2020-06-03 11:29:15.977 [32m  INFO [mLAPTOP-ILKHOM --- [  restartedMain] o.s.d.r.w.RepositoryRestHandlerMapping   : Mapped "{[/{repository}],methods=[POST],produces=[application/hal+json || application/json || application/*+json;charset=UTF-8]}" onto public org.springframework.http.ResponseEntity<org.springframework.hateoas.ResourceSupport> org.springframework.data.rest.webmvc.RepositoryEntityController.postCollectionResource(org.springframework.data.rest.webmvc.RootResourceInformation,org.springframework.data.rest.webmvc.PersistentEntityResource,org.springframework.data.rest.webmvc.PersistentEntityResourceAssembler,java.lang.String) throws org.springframework.web.HttpRequestMethodNotSupportedException
2020-06-03 11:29:15.977 [32m  INFO [mLAPTOP-ILKHOM --- [  restartedMain] o.s.d.r.w.RepositoryRestHandlerMapping   : Mapped "{[/{repository}],methods=[GET],produces=[application/hal+json || application/json || application/*+json;charset=UTF-8]}" onto public org.springframework.hateoas.Resources<?> org.springframework.data.rest.webmvc.RepositoryEntityController.getCollectionResource(org.springframework.data.rest.webmvc.RootResourceInformation,org.springframework.data.rest.webmvc.support.DefaultedPageable,org.springframework.data.domain.Sort,org.springframework.data.rest.webmvc.PersistentEntityResourceAssembler) throws org.springframework.data.rest.webmvc.ResourceNotFoundException,org.springframework.web.HttpRequestMethodNotSupportedException
2020-06-03 11:29:15.977 [32m  INFO [mLAPTOP-ILKHOM --- [  restartedMain] o.s.d.r.w.RepositoryRestHandlerMapping   : Mapped "{[/{repository}],methods=[HEAD],produces=[application/hal+json || application/json || application/*+json;charset=UTF-8]}" onto public org.springframework.http.ResponseEntity<?> org.springframework.data.rest.webmvc.RepositoryEntityController.headCollectionResource(org.springframework.data.rest.webmvc.RootResourceInformation,org.springframework.data.rest.webmvc.support.DefaultedPageable) throws org.springframework.web.HttpRequestMethodNotSupportedException
2020-06-03 11:29:15.977 [32m  INFO [mLAPTOP-ILKHOM --- [  restartedMain] o.s.d.r.w.RepositoryRestHandlerMapping   : Mapped "{[/{repository}/{id}],methods=[PATCH],produces=[application/hal+json || application/json || application/*+json;charset=UTF-8]}" onto public org.springframework.http.ResponseEntity<org.springframework.hateoas.ResourceSupport> org.springframework.data.rest.webmvc.RepositoryEntityController.patchItemResource(org.springframework.data.rest.webmvc.RootResourceInformation,org.springframework.data.rest.webmvc.PersistentEntityResource,java.io.Serializable,org.springframework.data.rest.webmvc.PersistentEntityResourceAssembler,org.springframework.data.rest.webmvc.support.ETag,java.lang.String) throws org.springframework.web.HttpRequestMethodNotSupportedException,org.springframework.data.rest.webmvc.ResourceNotFoundException
2020-06-03 11:29:15.977 [32m  INFO [mLAPTOP-ILKHOM --- [  restartedMain] o.s.d.r.w.RepositoryRestHandlerMapping   : Mapped "{[/{repository}/{id}],methods=[DELETE],produces=[application/hal+json || application/json || application/*+json;charset=UTF-8]}" onto public org.springframework.http.ResponseEntity<?> org.springframework.data.rest.webmvc.RepositoryEntityController.deleteItemResource(org.springframework.data.rest.webmvc.RootResourceInformation,java.io.Serializable,org.springframework.data.rest.webmvc.support.ETag) throws org.springframework.data.rest.webmvc.ResourceNotFoundException,org.springframework.web.HttpRequestMethodNotSupportedException
2020-06-03 11:29:15.977 [32m  INFO [mLAPTOP-ILKHOM --- [  restartedMain] o.s.d.r.w.RepositoryRestHandlerMapping   : Mapped "{[/{repository}/{id}],methods=[OPTIONS],produces=[application/hal+json || application/json || application/*+json;charset=UTF-8]}" onto public org.springframework.http.ResponseEntity<?> org.springframework.data.rest.webmvc.RepositoryEntityController.optionsForItemResource(org.springframework.data.rest.webmvc.RootResourceInformation)
2020-06-03 11:29:15.978 [32m  INFO [mLAPTOP-ILKHOM --- [  restartedMain] o.s.d.r.w.RepositoryRestHandlerMapping   : Mapped "{[/{repository}/{id}],methods=[HEAD],produces=[application/hal+json || application/json || application/*+json;charset=UTF-8]}" onto public org.springframework.http.ResponseEntity<?> org.springframework.data.rest.webmvc.RepositoryEntityController.headForItemResource(org.springframework.data.rest.webmvc.RootResourceInformation,java.io.Serializable,org.springframework.data.rest.webmvc.PersistentEntityResourceAssembler) throws org.springframework.web.HttpRequestMethodNotSupportedException
2020-06-03 11:29:15.978 [32m  INFO [mLAPTOP-ILKHOM --- [  restartedMain] o.s.d.r.w.RepositoryRestHandlerMapping   : Mapped "{[/{repository}],methods=[GET],produces=[application/x-spring-data-compact+json || text/uri-list]}" onto public org.springframework.hateoas.Resources<?> org.springframework.data.rest.webmvc.RepositoryEntityController.getCollectionResourceCompact(org.springframework.data.rest.webmvc.RootResourceInformation,org.springframework.data.rest.webmvc.support.DefaultedPageable,org.springframework.data.domain.Sort,org.springframework.data.rest.webmvc.PersistentEntityResourceAssembler) throws org.springframework.data.rest.webmvc.ResourceNotFoundException,org.springframework.web.HttpRequestMethodNotSupportedException
2020-06-03 11:29:15.978 [32m  INFO [mLAPTOP-ILKHOM --- [  restartedMain] o.s.d.r.w.RepositoryRestHandlerMapping   : Mapped "{[/{repository}],methods=[OPTIONS],produces=[application/hal+json || application/json || application/*+json;charset=UTF-8]}" onto public org.springframework.http.ResponseEntity<?> org.springframework.data.rest.webmvc.RepositoryEntityController.optionsForCollectionResource(org.springframework.data.rest.webmvc.RootResourceInformation)
2020-06-03 11:29:15.978 [32m  INFO [mLAPTOP-ILKHOM --- [  restartedMain] o.s.d.r.w.RepositoryRestHandlerMapping   : Mapped "{[/{repository}/{id}],methods=[GET],produces=[application/hal+json || application/json || application/*+json;charset=UTF-8]}" onto public org.springframework.http.ResponseEntity<org.springframework.hateoas.Resource<?>> org.springframework.data.rest.webmvc.RepositoryEntityController.getItemResource(org.springframework.data.rest.webmvc.RootResourceInformation,java.io.Serializable,org.springframework.data.rest.webmvc.PersistentEntityResourceAssembler,org.springframework.util.MultiValueMap<java.lang.String, java.lang.String>) throws org.springframework.web.HttpRequestMethodNotSupportedException
2020-06-03 11:29:15.979 [32m  INFO [mLAPTOP-ILKHOM --- [  restartedMain] o.s.d.r.w.RepositoryRestHandlerMapping   : Mapped "{[/{repository}/{id}],methods=[PUT],produces=[application/hal+json || application/json || application/*+json;charset=UTF-8]}" onto public org.springframework.http.ResponseEntity<? extends org.springframework.hateoas.ResourceSupport> org.springframework.data.rest.webmvc.RepositoryEntityController.putItemResource(org.springframework.data.rest.webmvc.RootResourceInformation,org.springframework.data.rest.webmvc.PersistentEntityResource,java.io.Serializable,org.springframework.data.rest.webmvc.PersistentEntityResourceAssembler,org.springframework.data.rest.webmvc.support.ETag,java.lang.String) throws org.springframework.web.HttpRequestMethodNotSupportedException
2020-06-03 11:29:15.980 [32m  INFO [mLAPTOP-ILKHOM --- [  restartedMain] o.s.d.r.w.RepositoryRestHandlerMapping   : Mapped "{[/{repository}/search],methods=[OPTIONS],produces=[application/hal+json || application/json || application/*+json;charset=UTF-8]}" onto public org.springframework.http.HttpEntity<?> org.springframework.data.rest.webmvc.RepositorySearchController.optionsForSearches(org.springframework.data.rest.webmvc.RootResourceInformation)
2020-06-03 11:29:15.980 [32m  INFO [mLAPTOP-ILKHOM --- [  restartedMain] o.s.d.r.w.RepositoryRestHandlerMapping   : Mapped "{[/{repository}/search/{search}],methods=[GET],produces=[application/x-spring-data-compact+json]}" onto public org.springframework.hateoas.ResourceSupport org.springframework.data.rest.webmvc.RepositorySearchController.executeSearchCompact(org.springframework.data.rest.webmvc.RootResourceInformation,org.springframework.util.MultiValueMap<java.lang.String, java.lang.Object>,java.lang.String,java.lang.String,org.springframework.data.rest.webmvc.support.DefaultedPageable,org.springframework.data.domain.Sort,org.springframework.data.rest.webmvc.PersistentEntityResourceAssembler)
2020-06-03 11:29:15.980 [32m  INFO [mLAPTOP-ILKHOM --- [  restartedMain] o.s.d.r.w.RepositoryRestHandlerMapping   : Mapped "{[/{repository}/search/{search}],methods=[OPTIONS],produces=[application/hal+json || application/json || application/*+json;charset=UTF-8]}" onto public org.springframework.http.ResponseEntity<java.lang.Object> org.springframework.data.rest.webmvc.RepositorySearchController.optionsForSearch(org.springframework.data.rest.webmvc.RootResourceInformation,java.lang.String)
2020-06-03 11:29:15.981 [32m  INFO [mLAPTOP-ILKHOM --- [  restartedMain] o.s.d.r.w.RepositoryRestHandlerMapping   : Mapped "{[/{repository}/search/{search}],methods=[HEAD],produces=[application/hal+json || application/json || application/*+json;charset=UTF-8]}" onto public org.springframework.http.ResponseEntity<java.lang.Object> org.springframework.data.rest.webmvc.RepositorySearchController.headForSearch(org.springframework.data.rest.webmvc.RootResourceInformation,java.lang.String)
2020-06-03 11:29:15.981 [32m  INFO [mLAPTOP-ILKHOM --- [  restartedMain] o.s.d.r.w.RepositoryRestHandlerMapping   : Mapped "{[/{repository}/search/{search}],methods=[GET],produces=[application/hal+json || application/json || application/*+json;charset=UTF-8]}" onto public org.springframework.http.ResponseEntity<java.lang.Object> org.springframework.data.rest.webmvc.RepositorySearchController.executeSearch(org.springframework.data.rest.webmvc.RootResourceInformation,org.springframework.util.MultiValueMap<java.lang.String, java.lang.Object>,java.lang.String,org.springframework.data.rest.webmvc.support.DefaultedPageable,org.springframework.data.domain.Sort,org.springframework.data.rest.webmvc.PersistentEntityResourceAssembler)
2020-06-03 11:29:15.981 [32m  INFO [mLAPTOP-ILKHOM --- [  restartedMain] o.s.d.r.w.RepositoryRestHandlerMapping   : Mapped "{[/{repository}/search],methods=[GET],produces=[application/hal+json || application/json || application/*+json;charset=UTF-8]}" onto public org.springframework.data.rest.webmvc.RepositorySearchesResource org.springframework.data.rest.webmvc.RepositorySearchController.listSearches(org.springframework.data.rest.webmvc.RootResourceInformation)
2020-06-03 11:29:15.981 [32m  INFO [mLAPTOP-ILKHOM --- [  restartedMain] o.s.d.r.w.RepositoryRestHandlerMapping   : Mapped "{[/{repository}/search],methods=[HEAD],produces=[application/hal+json || application/json || application/*+json;charset=UTF-8]}" onto public org.springframework.http.HttpEntity<?> org.springframework.data.rest.webmvc.RepositorySearchController.headForSearches(org.springframework.data.rest.webmvc.RootResourceInformation)
2020-06-03 11:29:15.982 [32m  INFO [mLAPTOP-ILKHOM --- [  restartedMain] o.s.d.r.w.RepositoryRestHandlerMapping   : Mapped "{[/ || ],methods=[HEAD],produces=[application/hal+json || application/json || application/*+json;charset=UTF-8]}" onto public org.springframework.http.ResponseEntity<?> org.springframework.data.rest.webmvc.RepositoryController.headForRepositories()
2020-06-03 11:29:15.982 [32m  INFO [mLAPTOP-ILKHOM --- [  restartedMain] o.s.d.r.w.RepositoryRestHandlerMapping   : Mapped "{[/ || ],methods=[OPTIONS],produces=[application/hal+json || application/json || application/*+json;charset=UTF-8]}" onto public org.springframework.http.HttpEntity<?> org.springframework.data.rest.webmvc.RepositoryController.optionsForRepositories()
2020-06-03 11:29:15.982 [32m  INFO [mLAPTOP-ILKHOM --- [  restartedMain] o.s.d.r.w.RepositoryRestHandlerMapping   : Mapped "{[/ || ],methods=[GET],produces=[application/hal+json || application/json || application/*+json;charset=UTF-8]}" onto public org.springframework.http.HttpEntity<org.springframework.data.rest.webmvc.RepositoryLinksResource> org.springframework.data.rest.webmvc.RepositoryController.listRepositories()
2020-06-03 11:29:15.987 [32m  INFO [mLAPTOP-ILKHOM --- [  restartedMain] o.s.d.r.w.BasePathAwareHandlerMapping    : Mapped "{[/profile/{repository}],methods=[GET],produces=[application/schema+json]}" onto public org.springframework.http.HttpEntity<org.springframework.data.rest.webmvc.json.JsonSchema> org.springframework.data.rest.webmvc.RepositorySchemaController.schema(org.springframework.data.rest.webmvc.RootResourceInformation)
2020-06-03 11:29:15.987 [32m  INFO [mLAPTOP-ILKHOM --- [  restartedMain] o.s.d.r.w.BasePathAwareHandlerMapping    : Mapped "{[/profile],methods=[GET]}" onto org.springframework.http.HttpEntity<org.springframework.hateoas.ResourceSupport> org.springframework.data.rest.webmvc.ProfileController.listAllFormsOfMetadata()
2020-06-03 11:29:15.987 [32m  INFO [mLAPTOP-ILKHOM --- [  restartedMain] o.s.d.r.w.BasePathAwareHandlerMapping    : Mapped "{[/profile],methods=[OPTIONS]}" onto public org.springframework.http.HttpEntity<?> org.springframework.data.rest.webmvc.ProfileController.profileOptions()
2020-06-03 11:29:15.987 [32m  INFO [mLAPTOP-ILKHOM --- [  restartedMain] o.s.d.r.w.BasePathAwareHandlerMapping    : Mapped "{[/profile/{repository}],methods=[GET],produces=[application/alps+json || */*]}" onto org.springframework.http.HttpEntity<org.springframework.data.rest.webmvc.RootResourceInformation> org.springframework.data.rest.webmvc.alps.AlpsController.descriptor(org.springframework.data.rest.webmvc.RootResourceInformation)
2020-06-03 11:29:15.988 [32m  INFO [mLAPTOP-ILKHOM --- [  restartedMain] o.s.d.r.w.BasePathAwareHandlerMapping    : Mapped "{[/profile/{repository}],methods=[OPTIONS],produces=[application/alps+json]}" onto org.springframework.http.HttpEntity<?> org.springframework.data.rest.webmvc.alps.AlpsController.alpsOptions()
2020-06-03 11:29:16.003 [32m  INFO [mLAPTOP-ILKHOM --- [  restartedMain] .m.m.a.ExceptionHandlerExceptionResolver : Detected @ExceptionHandler methods in repositoryRestExceptionHandler
2020-06-03 11:29:16.355 [32m  INFO [mLAPTOP-ILKHOM --- [  restartedMain] o.s.b.f.c.PropertiesFactoryBean          : Loading properties file from URL [jar:file:/C:/MINE/programsInstall/Maven/apache-maven-3.6.2/org/springframework/integration/spring-integration-core/4.2.9.RELEASE/spring-integration-core-4.2.9.RELEASE.jar!/META-INF/spring.integration.default.properties]
2020-06-03 11:29:16.380 [32m  INFO [mLAPTOP-ILKHOM --- [  restartedMain] o.s.s.c.ThreadPoolTaskScheduler          : Initializing ExecutorService  'taskScheduler'
2020-06-03 11:29:17.021 [32m  INFO [mLAPTOP-ILKHOM --- [  restartedMain] o.s.b.d.a.OptionalLiveReloadServer       : LiveReload server is running on port 35729
2020-06-03 11:29:17.238 [32m  INFO [mLAPTOP-ILKHOM --- [  restartedMain] o.s.j.e.a.AnnotationMBeanExporter        : Registering beans for JMX exposure on startup
2020-06-03 11:29:17.256 [32m  INFO [mLAPTOP-ILKHOM --- [  restartedMain] o.s.c.s.DefaultLifecycleProcessor        : Starting beans in phase 0
2020-06-03 11:29:17.257 [32m  INFO [mLAPTOP-ILKHOM --- [  restartedMain] o.s.i.e.EventDrivenConsumer              : Adding {logging-channel-adapter:_org.springframework.integration.errorLogger} as a subscriber to the 'errorChannel' channel
2020-06-03 11:29:17.257 [32m  INFO [mLAPTOP-ILKHOM --- [  restartedMain] o.s.i.c.PublishSubscribeChannel          : Channel 'application.errorChannel' has 1 subscriber(s).
2020-06-03 11:29:17.257 [32m  INFO [mLAPTOP-ILKHOM --- [  restartedMain] o.s.i.e.EventDrivenConsumer              : started _org.springframework.integration.errorLogger
2020-06-03 11:29:17.275 [32m  INFO [mLAPTOP-ILKHOM --- [  restartedMain] o.a.c.h.Http11NioProtocol                : Initializing ProtocolHandler ["http-nio-8080"]
2020-06-03 11:29:17.280 [32m  INFO [mLAPTOP-ILKHOM --- [  restartedMain] o.a.c.h.Http11NioProtocol                : Starting ProtocolHandler ["http-nio-8080"]
2020-06-03 11:29:17.289 [32m  INFO [mLAPTOP-ILKHOM --- [  restartedMain] o.a.t.u.n.NioSelectorPool                : Using a shared selector for servlet write/read
2020-06-03 11:29:17.301 [32m  INFO [mLAPTOP-ILKHOM --- [  restartedMain] s.b.c.e.t.TomcatEmbeddedServletContainer : Tomcat started on port(s): 8080 (http)
2020-06-03 11:29:17.306 [32m  INFO [mLAPTOP-ILKHOM --- [  restartedMain] t.q.QabulxonaApplication                 : Started QabulxonaApplication in 9.319 seconds (JVM running for 11.846)
2020-06-03 11:29:31.749 [32m  INFO [mLAPTOP-ILKHOM --- [nio-8080-exec-1] o.a.c.c.C.[.[.[/]                        : Initializing Spring FrameworkServlet 'dispatcherServlet'
2020-06-03 11:29:31.749 [32m  INFO [mLAPTOP-ILKHOM --- [nio-8080-exec-1] o.s.w.s.DispatcherServlet                : FrameworkServlet 'dispatcherServlet': initialization started
2020-06-03 11:29:31.763 [32m  INFO [mLAPTOP-ILKHOM --- [nio-8080-exec-1] o.s.w.s.DispatcherServlet                : FrameworkServlet 'dispatcherServlet': initialization completed in 14 ms
2020-06-03 11:29:31.809 [32m  INFO [mLAPTOP-ILKHOM --- [nio-8080-exec-1] o.t.TemplateEngine                       : [THYMELEAF] INITIALIZING TEMPLATE ENGINE
2020-06-03 11:29:31.863 [32m  INFO [mLAPTOP-ILKHOM --- [nio-8080-exec-1] o.t.t.AbstractTemplateResolver           : [THYMELEAF] INITIALIZING TEMPLATE RESOLVER: org.thymeleaf.templateresolver.ClassLoaderTemplateResolver
2020-06-03 11:29:31.863 [32m  INFO [mLAPTOP-ILKHOM --- [nio-8080-exec-1] o.t.t.AbstractTemplateResolver           : [THYMELEAF] TEMPLATE RESOLVER INITIALIZED OK
2020-06-03 11:29:31.864 [32m  INFO [mLAPTOP-ILKHOM --- [nio-8080-exec-1] o.t.m.AbstractMessageResolver            : [THYMELEAF] INITIALIZING MESSAGE RESOLVER: org.thymeleaf.spring4.messageresolver.SpringMessageResolver
2020-06-03 11:29:31.864 [32m  INFO [mLAPTOP-ILKHOM --- [nio-8080-exec-1] o.t.m.AbstractMessageResolver            : [THYMELEAF] MESSAGE RESOLVER INITIALIZED OK
2020-06-03 11:29:31.883 [32m  INFO [mLAPTOP-ILKHOM --- [nio-8080-exec-1] o.t.T.CONFIG                             : [THYMELEAF] TEMPLATE ENGINE CONFIGURATION:
[THYMELEAF] * Cache Factory implementation: org.thymeleaf.cache.StandardCacheManager
[THYMELEAF] * Template modes:
[THYMELEAF]     * LEGACYHTML5
[THYMELEAF]     * HTML5
[THYMELEAF]     * VALIDXML
[THYMELEAF]     * XHTML
[THYMELEAF]     * VALIDXHTML
[THYMELEAF]     * XML
[THYMELEAF] * Template resolvers (in order):
[THYMELEAF]     * org.thymeleaf.templateresolver.ClassLoaderTemplateResolver
[THYMELEAF] * Message resolvers (in order):
[THYMELEAF]     * org.thymeleaf.spring4.messageresolver.SpringMessageResolver
[THYMELEAF] * Dialect [1 of 3]: org.thymeleaf.spring4.dialect.SpringStandardDialect
[THYMELEAF]     * Prefix: "th"
[THYMELEAF] * Dialect [2 of 3]: nz.net.ultraq.thymeleaf.LayoutDialect
[THYMELEAF]     * Prefix: "layout"
[THYMELEAF] * Dialect [3 of 3]: org.thymeleaf.extras.springsecurity4.dialect.SpringSecurityDialect
[THYMELEAF]     * Prefix: "sec"
[THYMELEAF] TEMPLATE ENGINE CONFIGURED OK
2020-06-03 11:29:31.883 [32m  INFO [mLAPTOP-ILKHOM --- [nio-8080-exec-1] o.t.TemplateEngine                       : [THYMELEAF] TEMPLATE ENGINE INITIALIZED
2020-06-03 13:08:12.804 [32m  INFO [mLAPTOP-ILKHOM --- [       Thread-9] ationConfigEmbeddedWebApplicationContext : Closing org.springframework.boot.context.embedded.AnnotationConfigEmbeddedWebApplicationContext@a926c5: startup date [Wed Jun 03 11:29:08 UZT 2020]; root of context hierarchy
